<?xml version="1.0" encoding="UTF-8"?>
<testsuite xmlns:xsi="http://www.w3.org/2001/XMLSchema-instance" xsi:noNamespaceSchemaLocation="https://maven.apache.org/surefire/maven-surefire-plugin/xsd/surefire-test-report-3.0.xsd" version="3.0" name="com.ifooty.IFootyApplicationTests" time="3.57" tests="1" errors="0" skipped="0" failures="0">
  <properties>
[...]
</properties>
  <testcase name="contextLoads" classname="com.ifooty.IFootyApplicationTests" time="0.371">
    <system-out><![CDATA[03:18:13.881 [main] INFO org.springframework.test.context.support.AnnotationConfigContextLoaderUtils -- Could not detect default configuration classes for test class [com.ifooty.IFootyApplicationTests]: IFootyApplicationTests does not declare any static, non-private, non-final, nested classes annotated with @Configuration.
03:18:13.940 [main] INFO org.springframework.boot.test.context.SpringBootTestContextBootstrapper -- Found @SpringBootConfiguration com.ifooty.IFootyApplication for test class com.ifooty.IFootyApplicationTests

  .   ____          _            __ _ _
 /\\ / ___'_ __ _ _(_)_ __  __ _ \ \ \ \
( ( )\___ | '_ | '_| | '_ \/ _` | \ \ \ \
 \\/  ___)| |_)| | | | | || (_| |  ) ) ) )
  '  |____| .__|_| |_|_| |_\__, | / / / /
 =========|_|==============|___/=/_/_/_/

 :: Spring Boot ::                (v3.3.3)

2024-09-11T03:18:14.173-04:00  INFO 7539 --- [           main] com.ifooty.IFootyApplicationTests        : Starting IFootyApplicationTests using Java 22.0.2 with PID 7539 (started by muhammadhuzaifah in /Users/muhammadhuzaifah/Documents/iFooty/Backend)
2024-09-11T03:18:14.174-04:00  INFO 7539 --- [           main] com.ifooty.IFootyApplicationTests        : No active profile set, falling back to 1 default profile: "default"
2024-09-11T03:18:14.516-04:00  INFO 7539 --- [           main] .s.d.r.c.RepositoryConfigurationDelegate : Bootstrapping Spring Data JPA repositories in DEFAULT mode.
2024-09-11T03:18:14.545-04:00  INFO 7539 --- [           main] .s.d.r.c.RepositoryConfigurationDelegate : Finished Spring Data repository scanning in 24 ms. Found 3 JPA repository interfaces.
2024-09-11T03:18:14.788-04:00  INFO 7539 --- [           main] o.hibernate.jpa.internal.util.LogHelper  : HHH000204: Processing PersistenceUnitInfo [name: default]
2024-09-11T03:18:14.826-04:00  INFO 7539 --- [           main] org.hibernate.Version                    : HHH000412: Hibernate ORM core version 6.5.2.Final
2024-09-11T03:18:14.844-04:00  INFO 7539 --- [           main] o.h.c.internal.RegionFactoryInitiator    : HHH000026: Second-level cache disabled
2024-09-11T03:18:15.012-04:00  INFO 7539 --- [           main] o.s.o.j.p.SpringPersistenceUnitInfo      : No LoadTimeWeaver setup: ignoring JPA class transformer
2024-09-11T03:18:15.026-04:00  INFO 7539 --- [           main] com.zaxxer.hikari.HikariDataSource       : HikariPool-1 - Starting...
2024-09-11T03:18:15.172-04:00  INFO 7539 --- [           main] com.zaxxer.hikari.pool.HikariPool        : HikariPool-1 - Added connection org.postgresql.jdbc.PgConnection@6481dce5
2024-09-11T03:18:15.173-04:00  INFO 7539 --- [           main] com.zaxxer.hikari.HikariDataSource       : HikariPool-1 - Start completed.
2024-09-11T03:18:15.207-04:00  WARN 7539 --- [           main] org.hibernate.orm.deprecation            : HHH90000025: PostgreSQLDialect does not need to be specified explicitly using 'hibernate.dialect' (remove the property setting and it will be selected by default)
2024-09-11T03:18:15.724-04:00  INFO 7539 --- [           main] o.h.e.t.j.p.i.JtaPlatformInitiator       : HHH000489: No JTA platform available (set 'hibernate.transaction.jta.platform' to enable JTA platform integration)
2024-09-11T03:18:15.725-04:00  INFO 7539 --- [           main] j.LocalContainerEntityManagerFactoryBean : Initialized JPA EntityManagerFactory for persistence unit 'default'
2024-09-11T03:18:16.068-04:00  WARN 7539 --- [           main] JpaBaseConfiguration$JpaWebConfiguration : spring.jpa.open-in-view is enabled by default. Therefore, database queries may be performed during view rendering. Explicitly configure spring.jpa.open-in-view to disable this warning
Hibernate: 
    select
        n1_0.id,
        n1_0.body,
        n1_0.date,
        n1_0.summary,
        n1_0.team,
        n1_0.title 
    from
        news_data n1_0
Hibernate: 
    select
        t1_0.name,
        t1_0.away_record,
        t1_0.goals,
        t1_0.goals_per_game,
        t1_0.home_record,
        t1_0.points_per_game,
        t1_0.record,
        n1_0.team,
        n1_0.id,
        n1_0.body,
        n1_0.date,
        n1_0.summary,
        n1_0.title 
    from
        team_data t1_0 
    left join
        news_data n1_0 
            on t1_0.name=n1_0.team 
    where
        t1_0.name=?
Hibernate: 
    select
        t1_0.name,
        t1_0.away_record,
        t1_0.goals,
        t1_0.goals_per_game,
        t1_0.home_record,
        t1_0.points_per_game,
        t1_0.record,
        n1_0.team,
        n1_0.id,
        n1_0.body,
        n1_0.date,
        n1_0.summary,
        n1_0.title 
    from
        team_data t1_0 
    left join
        news_data n1_0 
            on t1_0.name=n1_0.team 
    where
        t1_0.name=?
Hibernate: 
    select
        t1_0.name,
        t1_0.away_record,
        t1_0.goals,
        t1_0.goals_per_game,
        t1_0.home_record,
        t1_0.points_per_game,
        t1_0.record,
        n1_0.team,
        n1_0.id,
        n1_0.body,
        n1_0.date,
        n1_0.summary,
        n1_0.title 
    from
        team_data t1_0 
    left join
        news_data n1_0 
            on t1_0.name=n1_0.team 
    where
        t1_0.name=?
Hibernate: 
    select
        t1_0.name,
        t1_0.away_record,
        t1_0.goals,
        t1_0.goals_per_game,
        t1_0.home_record,
        t1_0.points_per_game,
        t1_0.record,
        n1_0.team,
        n1_0.id,
        n1_0.body,
        n1_0.date,
        n1_0.summary,
        n1_0.title 
    from
        team_data t1_0 
    left join
        news_data n1_0 
            on t1_0.name=n1_0.team 
    where
        t1_0.name=?
Hibernate: 
    select
        t1_0.name,
        t1_0.away_record,
        t1_0.goals,
        t1_0.goals_per_game,
        t1_0.home_record,
        t1_0.points_per_game,
        t1_0.record,
        n1_0.team,
        n1_0.id,
        n1_0.body,
        n1_0.date,
        n1_0.summary,
        n1_0.title 
    from
        team_data t1_0 
    left join
        news_data n1_0 
            on t1_0.name=n1_0.team 
    where
        t1_0.name=?
Hibernate: 
    select
        t1_0.name,
        t1_0.away_record,
        t1_0.goals,
        t1_0.goals_per_game,
        t1_0.home_record,
        t1_0.points_per_game,
        t1_0.record,
        n1_0.team,
        n1_0.id,
        n1_0.body,
        n1_0.date,
        n1_0.summary,
        n1_0.title 
    from
        team_data t1_0 
    left join
        news_data n1_0 
            on t1_0.name=n1_0.team 
    where
        t1_0.name=?
Hibernate: 
    select
        t1_0.name,
        t1_0.away_record,
        t1_0.goals,
        t1_0.goals_per_game,
        t1_0.home_record,
        t1_0.points_per_game,
        t1_0.record,
        n1_0.team,
        n1_0.id,
        n1_0.body,
        n1_0.date,
        n1_0.summary,
        n1_0.title 
    from
        team_data t1_0 
    left join
        news_data n1_0 
            on t1_0.name=n1_0.team 
    where
        t1_0.name=?
Hibernate: 
    select
        t1_0.name,
        t1_0.away_record,
        t1_0.goals,
        t1_0.goals_per_game,
        t1_0.home_record,
        t1_0.points_per_game,
        t1_0.record,
        n1_0.team,
        n1_0.id,
        n1_0.body,
        n1_0.date,
        n1_0.summary,
        n1_0.title 
    from
        team_data t1_0 
    left join
        news_data n1_0 
            on t1_0.name=n1_0.team 
    where
        t1_0.name=?
Hibernate: 
    select
        t1_0.name,
        t1_0.away_record,
        t1_0.goals,
        t1_0.goals_per_game,
        t1_0.home_record,
        t1_0.points_per_game,
        t1_0.record,
        n1_0.team,
        n1_0.id,
        n1_0.body,
        n1_0.date,
        n1_0.summary,
        n1_0.title 
    from
        team_data t1_0 
    left join
        news_data n1_0 
            on t1_0.name=n1_0.team 
    where
        t1_0.name=?
Hibernate: 
    select
        t1_0.name,
        t1_0.away_record,
        t1_0.goals,
        t1_0.goals_per_game,
        t1_0.home_record,
        t1_0.points_per_game,
        t1_0.record,
        n1_0.team,
        n1_0.id,
        n1_0.body,
        n1_0.date,
        n1_0.summary,
        n1_0.title 
    from
        team_data t1_0 
    left join
        news_data n1_0 
            on t1_0.name=n1_0.team 
    where
        t1_0.name=?
Hibernate: 
    select
        t1_0.name,
        t1_0.away_record,
        t1_0.goals,
        t1_0.goals_per_game,
        t1_0.home_record,
        t1_0.points_per_game,
        t1_0.record,
        n1_0.team,
        n1_0.id,
        n1_0.body,
        n1_0.date,
        n1_0.summary,
        n1_0.title 
    from
        team_data t1_0 
    left join
        news_data n1_0 
            on t1_0.name=n1_0.team 
    where
        t1_0.name=?
Hibernate: 
    select
        t1_0.name,
        t1_0.away_record,
        t1_0.goals,
        t1_0.goals_per_game,
        t1_0.home_record,
        t1_0.points_per_game,
        t1_0.record,
        n1_0.team,
        n1_0.id,
        n1_0.body,
        n1_0.date,
        n1_0.summary,
        n1_0.title 
    from
        team_data t1_0 
    left join
        news_data n1_0 
            on t1_0.name=n1_0.team 
    where
        t1_0.name=?
Hibernate: 
    select
        n1_0.id,
        n1_0.body,
        n1_0.date,
        n1_0.summary,
        n1_0.team,
        n1_0.title 
    from
        news_data n1_0
Hibernate: 
    select
        t1_0.name,
        t1_0.away_record,
        t1_0.goals,
        t1_0.goals_per_game,
        t1_0.home_record,
        t1_0.points_per_game,
        t1_0.record,
        n1_0.team,
        n1_0.id,
        n1_0.body,
        n1_0.date,
        n1_0.summary,
        n1_0.title 
    from
        team_data t1_0 
    left join
        news_data n1_0 
            on t1_0.name=n1_0.team 
    where
        t1_0.name=?
Hibernate: 
    select
        t1_0.name,
        t1_0.away_record,
        t1_0.goals,
        t1_0.goals_per_game,
        t1_0.home_record,
        t1_0.points_per_game,
        t1_0.record,
        n1_0.team,
        n1_0.id,
        n1_0.body,
        n1_0.date,
        n1_0.summary,
        n1_0.title 
    from
        team_data t1_0 
    left join
        news_data n1_0 
            on t1_0.name=n1_0.team 
    where
        t1_0.name=?
Hibernate: 
    select
        t1_0.name,
        t1_0.away_record,
        t1_0.goals,
        t1_0.goals_per_game,
        t1_0.home_record,
        t1_0.points_per_game,
        t1_0.record,
        n1_0.team,
        n1_0.id,
        n1_0.body,
        n1_0.date,
        n1_0.summary,
        n1_0.title 
    from
        team_data t1_0 
    left join
        news_data n1_0 
            on t1_0.name=n1_0.team 
    where
        t1_0.name=?
Hibernate: 
    select
        t1_0.name,
        t1_0.away_record,
        t1_0.goals,
        t1_0.goals_per_game,
        t1_0.home_record,
        t1_0.points_per_game,
        t1_0.record,
        n1_0.team,
        n1_0.id,
        n1_0.body,
        n1_0.date,
        n1_0.summary,
        n1_0.title 
    from
        team_data t1_0 
    left join
        news_data n1_0 
            on t1_0.name=n1_0.team 
    where
        t1_0.name=?
Hibernate: 
    select
        t1_0.name,
        t1_0.away_record,
        t1_0.goals,
        t1_0.goals_per_game,
        t1_0.home_record,
        t1_0.points_per_game,
        t1_0.record,
        n1_0.team,
        n1_0.id,
        n1_0.body,
        n1_0.date,
        n1_0.summary,
        n1_0.title 
    from
        team_data t1_0 
    left join
        news_data n1_0 
            on t1_0.name=n1_0.team 
    where
        t1_0.name=?
Hibernate: 
    select
        t1_0.name,
        t1_0.away_record,
        t1_0.goals,
        t1_0.goals_per_game,
        t1_0.home_record,
        t1_0.points_per_game,
        t1_0.record,
        n1_0.team,
        n1_0.id,
        n1_0.body,
        n1_0.date,
        n1_0.summary,
        n1_0.title 
    from
        team_data t1_0 
    left join
        news_data n1_0 
            on t1_0.name=n1_0.team 
    where
        t1_0.name=?
Hibernate: 
    select
        t1_0.name,
        t1_0.away_record,
        t1_0.goals,
        t1_0.goals_per_game,
        t1_0.home_record,
        t1_0.points_per_game,
        t1_0.record,
        n1_0.team,
        n1_0.id,
        n1_0.body,
        n1_0.date,
        n1_0.summary,
        n1_0.title 
    from
        team_data t1_0 
    left join
        news_data n1_0 
            on t1_0.name=n1_0.team 
    where
        t1_0.name=?
Hibernate: 
    select
        t1_0.name,
        t1_0.away_record,
        t1_0.goals,
        t1_0.goals_per_game,
        t1_0.home_record,
        t1_0.points_per_game,
        t1_0.record,
        n1_0.team,
        n1_0.id,
        n1_0.body,
        n1_0.date,
        n1_0.summary,
        n1_0.title 
    from
        team_data t1_0 
    left join
        news_data n1_0 
            on t1_0.name=n1_0.team 
    where
        t1_0.name=?
Hibernate: 
    select
        t1_0.name,
        t1_0.away_record,
        t1_0.goals,
        t1_0.goals_per_game,
        t1_0.home_record,
        t1_0.points_per_game,
        t1_0.record,
        n1_0.team,
        n1_0.id,
        n1_0.body,
        n1_0.date,
        n1_0.summary,
        n1_0.title 
    from
        team_data t1_0 
    left join
        news_data n1_0 
            on t1_0.name=n1_0.team 
    where
        t1_0.name=?
Hibernate: 
    select
        t1_0.name,
        t1_0.away_record,
        t1_0.goals,
        t1_0.goals_per_game,
        t1_0.home_record,
        t1_0.points_per_game,
        t1_0.record,
        n1_0.team,
        n1_0.id,
        n1_0.body,
        n1_0.date,
        n1_0.summary,
        n1_0.title 
    from
        team_data t1_0 
    left join
        news_data n1_0 
            on t1_0.name=n1_0.team 
    where
        t1_0.name=?
Hibernate: 
    select
        t1_0.name,
        t1_0.away_record,
        t1_0.goals,
        t1_0.goals_per_game,
        t1_0.home_record,
        t1_0.points_per_game,
        t1_0.record,
        n1_0.team,
        n1_0.id,
        n1_0.body,
        n1_0.date,
        n1_0.summary,
        n1_0.title 
    from
        team_data t1_0 
    left join
        news_data n1_0 
            on t1_0.name=n1_0.team 
    where
        t1_0.name=?
Hibernate: 
    select
        t1_0.name,
        t1_0.away_record,
        t1_0.goals,
        t1_0.goals_per_game,
        t1_0.home_record,
        t1_0.points_per_game,
        t1_0.record,
        n1_0.team,
        n1_0.id,
        n1_0.body,
        n1_0.date,
        n1_0.summary,
        n1_0.title 
    from
        team_data t1_0 
    left join
        news_data n1_0 
            on t1_0.name=n1_0.team 
    where
        t1_0.name=?
Hibernate: 
    select
        t1_0.name,
        t1_0.away_record,
        t1_0.goals,
        t1_0.goals_per_game,
        t1_0.home_record,
        t1_0.points_per_game,
        t1_0.record 
    from
        team_data t1_0 
    where
        t1_0.name=?
Hibernate: 
    select
        n1_0.team,
        n1_0.id,
        n1_0.body,
        n1_0.date,
        n1_0.summary,
        n1_0.title 
    from
        news_data n1_0 
    where
        n1_0.team=?
Hibernate: 
    select
        t1_0.name,
        t1_0.away_record,
        t1_0.goals,
        t1_0.goals_per_game,
        t1_0.home_record,
        t1_0.points_per_game,
        t1_0.record 
    from
        team_data t1_0 
    where
        t1_0.name=?
Hibernate: 
    select
        n1_0.team,
        n1_0.id,
        n1_0.body,
        n1_0.date,
        n1_0.summary,
        n1_0.title 
    from
        news_data n1_0 
    where
        n1_0.team=?
Hibernate: 
    select
        t1_0.name,
        t1_0.away_record,
        t1_0.goals,
        t1_0.goals_per_game,
        t1_0.home_record,
        t1_0.points_per_game,
        t1_0.record 
    from
        team_data t1_0 
    where
        t1_0.name=?
Hibernate: 
    select
        n1_0.team,
        n1_0.id,
        n1_0.body,
        n1_0.date,
        n1_0.summary,
        n1_0.title 
    from
        news_data n1_0 
    where
        n1_0.team=?
Hibernate: 
    select
        t1_0.name,
        t1_0.away_record,
        t1_0.goals,
        t1_0.goals_per_game,
        t1_0.home_record,
        t1_0.points_per_game,
        t1_0.record 
    from
        team_data t1_0 
    where
        t1_0.name=?
Hibernate: 
    select
        n1_0.team,
        n1_0.id,
        n1_0.body,
        n1_0.date,
        n1_0.summary,
        n1_0.title 
    from
        news_data n1_0 
    where
        n1_0.team=?
Hibernate: 
    select
        t1_0.name,
        t1_0.away_record,
        t1_0.goals,
        t1_0.goals_per_game,
        t1_0.home_record,
        t1_0.points_per_game,
        t1_0.record 
    from
        team_data t1_0 
    where
        t1_0.name=?
Hibernate: 
    select
        n1_0.team,
        n1_0.id,
        n1_0.body,
        n1_0.date,
        n1_0.summary,
        n1_0.title 
    from
        news_data n1_0 
    where
        n1_0.team=?
Hibernate: 
    select
        t1_0.name,
        t1_0.away_record,
        t1_0.goals,
        t1_0.goals_per_game,
        t1_0.home_record,
        t1_0.points_per_game,
        t1_0.record 
    from
        team_data t1_0 
    where
        t1_0.name=?
Hibernate: 
    select
        n1_0.team,
        n1_0.id,
        n1_0.body,
        n1_0.date,
        n1_0.summary,
        n1_0.title 
    from
        news_data n1_0 
    where
        n1_0.team=?
Hibernate: 
    select
        t1_0.name,
        t1_0.away_record,
        t1_0.goals,
        t1_0.goals_per_game,
        t1_0.home_record,
        t1_0.points_per_game,
        t1_0.record 
    from
        team_data t1_0 
    where
        t1_0.name=?
Hibernate: 
    select
        n1_0.team,
        n1_0.id,
        n1_0.body,
        n1_0.date,
        n1_0.summary,
        n1_0.title 
    from
        news_data n1_0 
    where
        n1_0.team=?
Hibernate: 
    select
        t1_0.name,
        t1_0.away_record,
        t1_0.goals,
        t1_0.goals_per_game,
        t1_0.home_record,
        t1_0.points_per_game,
        t1_0.record 
    from
        team_data t1_0 
    where
        t1_0.name=?
Hibernate: 
    select
        n1_0.team,
        n1_0.id,
        n1_0.body,
        n1_0.date,
        n1_0.summary,
        n1_0.title 
    from
        news_data n1_0 
    where
        n1_0.team=?
Hibernate: 
    select
        t1_0.name,
        t1_0.away_record,
        t1_0.goals,
        t1_0.goals_per_game,
        t1_0.home_record,
        t1_0.points_per_game,
        t1_0.record 
    from
        team_data t1_0 
    where
        t1_0.name=?
Hibernate: 
    select
        n1_0.team,
        n1_0.id,
        n1_0.body,
        n1_0.date,
        n1_0.summary,
        n1_0.title 
    from
        news_data n1_0 
    where
        n1_0.team=?
Hibernate: 
    select
        t1_0.name,
        t1_0.away_record,
        t1_0.goals,
        t1_0.goals_per_game,
        t1_0.home_record,
        t1_0.points_per_game,
        t1_0.record 
    from
        team_data t1_0 
    where
        t1_0.name=?
Hibernate: 
    select
        n1_0.team,
        n1_0.id,
        n1_0.body,
        n1_0.date,
        n1_0.summary,
        n1_0.title 
    from
        news_data n1_0 
    where
        n1_0.team=?
Hibernate: 
    select
        t1_0.name,
        t1_0.away_record,
        t1_0.goals,
        t1_0.goals_per_game,
        t1_0.home_record,
        t1_0.points_per_game,
        t1_0.record 
    from
        team_data t1_0 
    where
        t1_0.name=?
Hibernate: 
    select
        n1_0.team,
        n1_0.id,
        n1_0.body,
        n1_0.date,
        n1_0.summary,
        n1_0.title 
    from
        news_data n1_0 
    where
        n1_0.team=?
Hibernate: 
    select
        t1_0.name,
        t1_0.away_record,
        t1_0.goals,
        t1_0.goals_per_game,
        t1_0.home_record,
        t1_0.points_per_game,
        t1_0.record 
    from
        team_data t1_0 
    where
        t1_0.name=?
Hibernate: 
    select
        n1_0.team,
        n1_0.id,
        n1_0.body,
        n1_0.date,
        n1_0.summary,
        n1_0.title 
    from
        news_data n1_0 
    where
        n1_0.team=?
Hibernate: 
    select
        t1_0.name,
        t1_0.away_record,
        t1_0.goals,
        t1_0.goals_per_game,
        t1_0.home_record,
        t1_0.points_per_game,
        t1_0.record 
    from
        team_data t1_0 
    where
        t1_0.name=?
Hibernate: 
    select
        n1_0.team,
        n1_0.id,
        n1_0.body,
        n1_0.date,
        n1_0.summary,
        n1_0.title 
    from
        news_data n1_0 
    where
        n1_0.team=?
Hibernate: 
    select
        t1_0.name,
        t1_0.away_record,
        t1_0.goals,
        t1_0.goals_per_game,
        t1_0.home_record,
        t1_0.points_per_game,
        t1_0.record 
    from
        team_data t1_0 
    where
        t1_0.name=?
Hibernate: 
    select
        n1_0.team,
        n1_0.id,
        n1_0.body,
        n1_0.date,
        n1_0.summary,
        n1_0.title 
    from
        news_data n1_0 
    where
        n1_0.team=?
Hibernate: 
    select
        t1_0.name,
        t1_0.away_record,
        t1_0.goals,
        t1_0.goals_per_game,
        t1_0.home_record,
        t1_0.points_per_game,
        t1_0.record 
    from
        team_data t1_0 
    where
        t1_0.name=?
Hibernate: 
    select
        n1_0.team,
        n1_0.id,
        n1_0.body,
        n1_0.date,
        n1_0.summary,
        n1_0.title 
    from
        news_data n1_0 
    where
        n1_0.team=?
Hibernate: 
    select
        t1_0.name,
        t1_0.away_record,
        t1_0.goals,
        t1_0.goals_per_game,
        t1_0.home_record,
        t1_0.points_per_game,
        t1_0.record 
    from
        team_data t1_0 
    where
        t1_0.name=?
Hibernate: 
    select
        n1_0.team,
        n1_0.id,
        n1_0.body,
        n1_0.date,
        n1_0.summary,
        n1_0.title 
    from
        news_data n1_0 
    where
        n1_0.team=?
Hibernate: 
    select
        t1_0.name,
        t1_0.away_record,
        t1_0.goals,
        t1_0.goals_per_game,
        t1_0.home_record,
        t1_0.points_per_game,
        t1_0.record 
    from
        team_data t1_0 
    where
        t1_0.name=?
Hibernate: 
    select
        n1_0.team,
        n1_0.id,
        n1_0.body,
        n1_0.date,
        n1_0.summary,
        n1_0.title 
    from
        news_data n1_0 
    where
        n1_0.team=?
Hibernate: 
    select
        t1_0.name,
        t1_0.away_record,
        t1_0.goals,
        t1_0.goals_per_game,
        t1_0.home_record,
        t1_0.points_per_game,
        t1_0.record 
    from
        team_data t1_0 
    where
        t1_0.name=?
Hibernate: 
    select
        n1_0.team,
        n1_0.id,
        n1_0.body,
        n1_0.date,
        n1_0.summary,
        n1_0.title 
    from
        news_data n1_0 
    where
        n1_0.team=?
Hibernate: 
    select
        t1_0.name,
        t1_0.away_record,
        t1_0.goals,
        t1_0.goals_per_game,
        t1_0.home_record,
        t1_0.points_per_game,
        t1_0.record 
    from
        team_data t1_0 
    where
        t1_0.name=?
Hibernate: 
    select
        n1_0.team,
        n1_0.id,
        n1_0.body,
        n1_0.date,
        n1_0.summary,
        n1_0.title 
    from
        news_data n1_0 
    where
        n1_0.team=?
Hibernate: 
    select
        t1_0.name,
        t1_0.away_record,
        t1_0.goals,
        t1_0.goals_per_game,
        t1_0.home_record,
        t1_0.points_per_game,
        t1_0.record 
    from
        team_data t1_0 
    where
        t1_0.name=?
Hibernate: 
    select
        n1_0.team,
        n1_0.id,
        n1_0.body,
        n1_0.date,
        n1_0.summary,
        n1_0.title 
    from
        news_data n1_0 
    where
        n1_0.team=?
Hibernate: 
    select
        t1_0.name,
        t1_0.away_record,
        t1_0.goals,
        t1_0.goals_per_game,
        t1_0.home_record,
        t1_0.points_per_game,
        t1_0.record 
    from
        team_data t1_0 
    where
        t1_0.name=?
Hibernate: 
    select
        n1_0.team,
        n1_0.id,
        n1_0.body,
        n1_0.date,
        n1_0.summary,
        n1_0.title 
    from
        news_data n1_0 
    where
        n1_0.team=?
Hibernate: 
    select
        t1_0.name,
        t1_0.away_record,
        t1_0.goals,
        t1_0.goals_per_game,
        t1_0.home_record,
        t1_0.points_per_game,
        t1_0.record 
    from
        team_data t1_0 
    where
        t1_0.name=?
Hibernate: 
    select
        n1_0.team,
        n1_0.id,
        n1_0.body,
        n1_0.date,
        n1_0.summary,
        n1_0.title 
    from
        news_data n1_0 
    where
        n1_0.team=?
Hibernate: 
    select
        t1_0.name,
        t1_0.away_record,
        t1_0.goals,
        t1_0.goals_per_game,
        t1_0.home_record,
        t1_0.points_per_game,
        t1_0.record 
    from
        team_data t1_0 
    where
        t1_0.name=?
Hibernate: 
    select
        n1_0.team,
        n1_0.id,
        n1_0.body,
        n1_0.date,
        n1_0.summary,
        n1_0.title 
    from
        news_data n1_0 
    where
        n1_0.team=?
Hibernate: 
    select
        t1_0.name,
        t1_0.away_record,
        t1_0.goals,
        t1_0.goals_per_game,
        t1_0.home_record,
        t1_0.points_per_game,
        t1_0.record 
    from
        team_data t1_0 
    where
        t1_0.name=?
Hibernate: 
    select
        n1_0.team,
        n1_0.id,
        n1_0.body,
        n1_0.date,
        n1_0.summary,
        n1_0.title 
    from
        news_data n1_0 
    where
        n1_0.team=?
Hibernate: 
    select
        t1_0.name,
        t1_0.away_record,
        t1_0.goals,
        t1_0.goals_per_game,
        t1_0.home_record,
        t1_0.points_per_game,
        t1_0.record 
    from
        team_data t1_0 
    where
        t1_0.name=?
Hibernate: 
    select
        n1_0.team,
        n1_0.id,
        n1_0.body,
        n1_0.date,
        n1_0.summary,
        n1_0.title 
    from
        news_data n1_0 
    where
        n1_0.team=?
Hibernate: 
    select
        t1_0.name,
        t1_0.away_record,
        t1_0.goals,
        t1_0.goals_per_game,
        t1_0.home_record,
        t1_0.points_per_game,
        t1_0.record 
    from
        team_data t1_0 
    where
        t1_0.name=?
Hibernate: 
    select
        n1_0.team,
        n1_0.id,
        n1_0.body,
        n1_0.date,
        n1_0.summary,
        n1_0.title 
    from
        news_data n1_0 
    where
        n1_0.team=?
Hibernate: 
    select
        t1_0.name,
        t1_0.away_record,
        t1_0.goals,
        t1_0.goals_per_game,
        t1_0.home_record,
        t1_0.points_per_game,
        t1_0.record 
    from
        team_data t1_0 
    where
        t1_0.name=?
Hibernate: 
    select
        n1_0.team,
        n1_0.id,
        n1_0.body,
        n1_0.date,
        n1_0.summary,
        n1_0.title 
    from
        news_data n1_0 
    where
        n1_0.team=?
Hibernate: 
    select
        t1_0.name,
        t1_0.away_record,
        t1_0.goals,
        t1_0.goals_per_game,
        t1_0.home_record,
        t1_0.points_per_game,
        t1_0.record 
    from
        team_data t1_0 
    where
        t1_0.name=?
Hibernate: 
    select
        n1_0.team,
        n1_0.id,
        n1_0.body,
        n1_0.date,
        n1_0.summary,
        n1_0.title 
    from
        news_data n1_0 
    where
        n1_0.team=?
Hibernate: 
    select
        t1_0.name,
        t1_0.away_record,
        t1_0.goals,
        t1_0.goals_per_game,
        t1_0.home_record,
        t1_0.points_per_game,
        t1_0.record 
    from
        team_data t1_0 
    where
        t1_0.name=?
Hibernate: 
    select
        n1_0.team,
        n1_0.id,
        n1_0.body,
        n1_0.date,
        n1_0.summary,
        n1_0.title 
    from
        news_data n1_0 
    where
        n1_0.team=?
Hibernate: 
    select
        t1_0.name,
        t1_0.away_record,
        t1_0.goals,
        t1_0.goals_per_game,
        t1_0.home_record,
        t1_0.points_per_game,
        t1_0.record 
    from
        team_data t1_0 
    where
        t1_0.name=?
Hibernate: 
    select
        n1_0.team,
        n1_0.id,
        n1_0.body,
        n1_0.date,
        n1_0.summary,
        n1_0.title 
    from
        news_data n1_0 
    where
        n1_0.team=?
Hibernate: 
    select
        t1_0.name,
        t1_0.away_record,
        t1_0.goals,
        t1_0.goals_per_game,
        t1_0.home_record,
        t1_0.points_per_game,
        t1_0.record 
    from
        team_data t1_0 
    where
        t1_0.name=?
Hibernate: 
    select
        n1_0.team,
        n1_0.id,
        n1_0.body,
        n1_0.date,
        n1_0.summary,
        n1_0.title 
    from
        news_data n1_0 
    where
        n1_0.team=?
Hibernate: 
    select
        t1_0.name,
        t1_0.away_record,
        t1_0.goals,
        t1_0.goals_per_game,
        t1_0.home_record,
        t1_0.points_per_game,
        t1_0.record 
    from
        team_data t1_0 
    where
        t1_0.name=?
Hibernate: 
    select
        n1_0.team,
        n1_0.id,
        n1_0.body,
        n1_0.date,
        n1_0.summary,
        n1_0.title 
    from
        news_data n1_0 
    where
        n1_0.team=?
Hibernate: 
    select
        t1_0.name,
        t1_0.away_record,
        t1_0.goals,
        t1_0.goals_per_game,
        t1_0.home_record,
        t1_0.points_per_game,
        t1_0.record 
    from
        team_data t1_0 
    where
        t1_0.name=?
Hibernate: 
    select
        n1_0.team,
        n1_0.id,
        n1_0.body,
        n1_0.date,
        n1_0.summary,
        n1_0.title 
    from
        news_data n1_0 
    where
        n1_0.team=?
Hibernate: 
    select
        t1_0.name,
        t1_0.away_record,
        t1_0.goals,
        t1_0.goals_per_game,
        t1_0.home_record,
        t1_0.points_per_game,
        t1_0.record 
    from
        team_data t1_0 
    where
        t1_0.name=?
Hibernate: 
    select
        n1_0.team,
        n1_0.id,
        n1_0.body,
        n1_0.date,
        n1_0.summary,
        n1_0.title 
    from
        news_data n1_0 
    where
        n1_0.team=?
Hibernate: 
    select
        t1_0.name,
        t1_0.away_record,
        t1_0.goals,
        t1_0.goals_per_game,
        t1_0.home_record,
        t1_0.points_per_game,
        t1_0.record 
    from
        team_data t1_0 
    where
        t1_0.name=?
Hibernate: 
    select
        n1_0.team,
        n1_0.id,
        n1_0.body,
        n1_0.date,
        n1_0.summary,
        n1_0.title 
    from
        news_data n1_0 
    where
        n1_0.team=?
Hibernate: 
    select
        t1_0.name,
        t1_0.away_record,
        t1_0.goals,
        t1_0.goals_per_game,
        t1_0.home_record,
        t1_0.points_per_game,
        t1_0.record 
    from
        team_data t1_0 
    where
        t1_0.name=?
Hibernate: 
    select
        n1_0.team,
        n1_0.id,
        n1_0.body,
        n1_0.date,
        n1_0.summary,
        n1_0.title 
    from
        news_data n1_0 
    where
        n1_0.team=?
Hibernate: 
    select
        t1_0.name,
        t1_0.away_record,
        t1_0.goals,
        t1_0.goals_per_game,
        t1_0.home_record,
        t1_0.points_per_game,
        t1_0.record 
    from
        team_data t1_0 
    where
        t1_0.name=?
Hibernate: 
    select
        n1_0.team,
        n1_0.id,
        n1_0.body,
        n1_0.date,
        n1_0.summary,
        n1_0.title 
    from
        news_data n1_0 
    where
        n1_0.team=?
Hibernate: 
    select
        t1_0.name,
        t1_0.away_record,
        t1_0.goals,
        t1_0.goals_per_game,
        t1_0.home_record,
        t1_0.points_per_game,
        t1_0.record 
    from
        team_data t1_0 
    where
        t1_0.name=?
Hibernate: 
    select
        n1_0.team,
        n1_0.id,
        n1_0.body,
        n1_0.date,
        n1_0.summary,
        n1_0.title 
    from
        news_data n1_0 
    where
        n1_0.team=?
Hibernate: 
    select
        t1_0.name,
        t1_0.away_record,
        t1_0.goals,
        t1_0.goals_per_game,
        t1_0.home_record,
        t1_0.points_per_game,
        t1_0.record 
    from
        team_data t1_0 
    where
        t1_0.name=?
Hibernate: 
    select
        n1_0.team,
        n1_0.id,
        n1_0.body,
        n1_0.date,
        n1_0.summary,
        n1_0.title 
    from
        news_data n1_0 
    where
        n1_0.team=?
Hibernate: 
    select
        t1_0.name,
        t1_0.away_record,
        t1_0.goals,
        t1_0.goals_per_game,
        t1_0.home_record,
        t1_0.points_per_game,
        t1_0.record 
    from
        team_data t1_0 
    where
        t1_0.name=?
Hibernate: 
    select
        n1_0.team,
        n1_0.id,
        n1_0.body,
        n1_0.date,
        n1_0.summary,
        n1_0.title 
    from
        news_data n1_0 
    where
        n1_0.team=?
Hibernate: 
    select
        t1_0.name,
        t1_0.away_record,
        t1_0.goals,
        t1_0.goals_per_game,
        t1_0.home_record,
        t1_0.points_per_game,
        t1_0.record 
    from
        team_data t1_0 
    where
        t1_0.name=?
Hibernate: 
    select
        n1_0.team,
        n1_0.id,
        n1_0.body,
        n1_0.date,
        n1_0.summary,
        n1_0.title 
    from
        news_data n1_0 
    where
        n1_0.team=?
Hibernate: 
    select
        t1_0.name,
        t1_0.away_record,
        t1_0.goals,
        t1_0.goals_per_game,
        t1_0.home_record,
        t1_0.points_per_game,
        t1_0.record 
    from
        team_data t1_0 
    where
        t1_0.name=?
Hibernate: 
    select
        n1_0.team,
        n1_0.id,
        n1_0.body,
        n1_0.date,
        n1_0.summary,
        n1_0.title 
    from
        news_data n1_0 
    where
        n1_0.team=?
Hibernate: 
    select
        t1_0.name,
        t1_0.away_record,
        t1_0.goals,
        t1_0.goals_per_game,
        t1_0.home_record,
        t1_0.points_per_game,
        t1_0.record 
    from
        team_data t1_0 
    where
        t1_0.name=?
Hibernate: 
    select
        n1_0.team,
        n1_0.id,
        n1_0.body,
        n1_0.date,
        n1_0.summary,
        n1_0.title 
    from
        news_data n1_0 
    where
        n1_0.team=?
Hibernate: 
    select
        t1_0.name,
        t1_0.away_record,
        t1_0.goals,
        t1_0.goals_per_game,
        t1_0.home_record,
        t1_0.points_per_game,
        t1_0.record 
    from
        team_data t1_0 
    where
        t1_0.name=?
Hibernate: 
    select
        n1_0.team,
        n1_0.id,
        n1_0.body,
        n1_0.date,
        n1_0.summary,
        n1_0.title 
    from
        news_data n1_0 
    where
        n1_0.team=?
Hibernate: 
    select
        t1_0.name,
        t1_0.away_record,
        t1_0.goals,
        t1_0.goals_per_game,
        t1_0.home_record,
        t1_0.points_per_game,
        t1_0.record 
    from
        team_data t1_0 
    where
        t1_0.name=?
Hibernate: 
    select
        n1_0.team,
        n1_0.id,
        n1_0.body,
        n1_0.date,
        n1_0.summary,
        n1_0.title 
    from
        news_data n1_0 
    where
        n1_0.team=?
Hibernate: 
    select
        t1_0.name,
        t1_0.away_record,
        t1_0.goals,
        t1_0.goals_per_game,
        t1_0.home_record,
        t1_0.points_per_game,
        t1_0.record 
    from
        team_data t1_0 
    where
        t1_0.name=?
Hibernate: 
    select
        n1_0.team,
        n1_0.id,
        n1_0.body,
        n1_0.date,
        n1_0.summary,
        n1_0.title 
    from
        news_data n1_0 
    where
        n1_0.team=?
Hibernate: 
    select
        t1_0.name,
        t1_0.away_record,
        t1_0.goals,
        t1_0.goals_per_game,
        t1_0.home_record,
        t1_0.points_per_game,
        t1_0.record 
    from
        team_data t1_0 
    where
        t1_0.name=?
Hibernate: 
    select
        n1_0.team,
        n1_0.id,
        n1_0.body,
        n1_0.date,
        n1_0.summary,
        n1_0.title 
    from
        news_data n1_0 
    where
        n1_0.team=?
Hibernate: 
    select
        t1_0.name,
        t1_0.away_record,
        t1_0.goals,
        t1_0.goals_per_game,
        t1_0.home_record,
        t1_0.points_per_game,
        t1_0.record 
    from
        team_data t1_0 
    where
        t1_0.name=?
Hibernate: 
    select
        n1_0.team,
        n1_0.id,
        n1_0.body,
        n1_0.date,
        n1_0.summary,
        n1_0.title 
    from
        news_data n1_0 
    where
        n1_0.team=?
Hibernate: 
    select
        t1_0.name,
        t1_0.away_record,
        t1_0.goals,
        t1_0.goals_per_game,
        t1_0.home_record,
        t1_0.points_per_game,
        t1_0.record 
    from
        team_data t1_0 
    where
        t1_0.name=?
Hibernate: 
    select
        n1_0.team,
        n1_0.id,
        n1_0.body,
        n1_0.date,
        n1_0.summary,
        n1_0.title 
    from
        news_data n1_0 
    where
        n1_0.team=?
Hibernate: 
    select
        t1_0.name,
        t1_0.away_record,
        t1_0.goals,
        t1_0.goals_per_game,
        t1_0.home_record,
        t1_0.points_per_game,
        t1_0.record 
    from
        team_data t1_0 
    where
        t1_0.name=?
Hibernate: 
    select
        n1_0.team,
        n1_0.id,
        n1_0.body,
        n1_0.date,
        n1_0.summary,
        n1_0.title 
    from
        news_data n1_0 
    where
        n1_0.team=?
Hibernate: 
    select
        t1_0.name,
        t1_0.away_record,
        t1_0.goals,
        t1_0.goals_per_game,
        t1_0.home_record,
        t1_0.points_per_game,
        t1_0.record 
    from
        team_data t1_0 
    where
        t1_0.name=?
Hibernate: 
    select
        n1_0.team,
        n1_0.id,
        n1_0.body,
        n1_0.date,
        n1_0.summary,
        n1_0.title 
    from
        news_data n1_0 
    where
        n1_0.team=?
Hibernate: 
    select
        t1_0.name,
        t1_0.away_record,
        t1_0.goals,
        t1_0.goals_per_game,
        t1_0.home_record,
        t1_0.points_per_game,
        t1_0.record 
    from
        team_data t1_0 
    where
        t1_0.name=?
Hibernate: 
    select
        n1_0.team,
        n1_0.id,
        n1_0.body,
        n1_0.date,
        n1_0.summary,
        n1_0.title 
    from
        news_data n1_0 
    where
        n1_0.team=?
Hibernate: 
    select
        t1_0.name,
        t1_0.away_record,
        t1_0.goals,
        t1_0.goals_per_game,
        t1_0.home_record,
        t1_0.points_per_game,
        t1_0.record 
    from
        team_data t1_0 
    where
        t1_0.name=?
Hibernate: 
    select
        n1_0.team,
        n1_0.id,
        n1_0.body,
        n1_0.date,
        n1_0.summary,
        n1_0.title 
    from
        news_data n1_0 
    where
        n1_0.team=?
Hibernate: 
    select
        t1_0.name,
        t1_0.away_record,
        t1_0.goals,
        t1_0.goals_per_game,
        t1_0.home_record,
        t1_0.points_per_game,
        t1_0.record 
    from
        team_data t1_0 
    where
        t1_0.name=?
Hibernate: 
    select
        n1_0.team,
        n1_0.id,
        n1_0.body,
        n1_0.date,
        n1_0.summary,
        n1_0.title 
    from
        news_data n1_0 
    where
        n1_0.team=?
Hibernate: 
    select
        t1_0.name,
        t1_0.away_record,
        t1_0.goals,
        t1_0.goals_per_game,
        t1_0.home_record,
        t1_0.points_per_game,
        t1_0.record 
    from
        team_data t1_0 
    where
        t1_0.name=?
Hibernate: 
    select
        n1_0.team,
        n1_0.id,
        n1_0.body,
        n1_0.date,
        n1_0.summary,
        n1_0.title 
    from
        news_data n1_0 
    where
        n1_0.team=?
Hibernate: 
    select
        t1_0.name,
        t1_0.away_record,
        t1_0.goals,
        t1_0.goals_per_game,
        t1_0.home_record,
        t1_0.points_per_game,
        t1_0.record 
    from
        team_data t1_0 
    where
        t1_0.name=?
Hibernate: 
    select
        n1_0.team,
        n1_0.id,
        n1_0.body,
        n1_0.date,
        n1_0.summary,
        n1_0.title 
    from
        news_data n1_0 
    where
        n1_0.team=?
Hibernate: 
    select
        t1_0.name,
        t1_0.away_record,
        t1_0.goals,
        t1_0.goals_per_game,
        t1_0.home_record,
        t1_0.points_per_game,
        t1_0.record 
    from
        team_data t1_0 
    where
        t1_0.name=?
Hibernate: 
    select
        n1_0.team,
        n1_0.id,
        n1_0.body,
        n1_0.date,
        n1_0.summary,
        n1_0.title 
    from
        news_data n1_0 
    where
        n1_0.team=?
Hibernate: 
    select
        t1_0.name,
        t1_0.away_record,
        t1_0.goals,
        t1_0.goals_per_game,
        t1_0.home_record,
        t1_0.points_per_game,
        t1_0.record 
    from
        team_data t1_0 
    where
        t1_0.name=?
Hibernate: 
    select
        n1_0.team,
        n1_0.id,
        n1_0.body,
        n1_0.date,
        n1_0.summary,
        n1_0.title 
    from
        news_data n1_0 
    where
        n1_0.team=?
Hibernate: 
    select
        t1_0.name,
        t1_0.away_record,
        t1_0.goals,
        t1_0.goals_per_game,
        t1_0.home_record,
        t1_0.points_per_game,
        t1_0.record 
    from
        team_data t1_0 
    where
        t1_0.name=?
Hibernate: 
    select
        n1_0.team,
        n1_0.id,
        n1_0.body,
        n1_0.date,
        n1_0.summary,
        n1_0.title 
    from
        news_data n1_0 
    where
        n1_0.team=?
Hibernate: 
    select
        t1_0.name,
        t1_0.away_record,
        t1_0.goals,
        t1_0.goals_per_game,
        t1_0.home_record,
        t1_0.points_per_game,
        t1_0.record 
    from
        team_data t1_0 
    where
        t1_0.name=?
Hibernate: 
    select
        n1_0.team,
        n1_0.id,
        n1_0.body,
        n1_0.date,
        n1_0.summary,
        n1_0.title 
    from
        news_data n1_0 
    where
        n1_0.team=?
Hibernate: 
    select
        t1_0.name,
        t1_0.away_record,
        t1_0.goals,
        t1_0.goals_per_game,
        t1_0.home_record,
        t1_0.points_per_game,
        t1_0.record 
    from
        team_data t1_0 
    where
        t1_0.name=?
Hibernate: 
    select
        n1_0.team,
        n1_0.id,
        n1_0.body,
        n1_0.date,
        n1_0.summary,
        n1_0.title 
    from
        news_data n1_0 
    where
        n1_0.team=?
Hibernate: 
    select
        t1_0.name,
        t1_0.away_record,
        t1_0.goals,
        t1_0.goals_per_game,
        t1_0.home_record,
        t1_0.points_per_game,
        t1_0.record 
    from
        team_data t1_0 
    where
        t1_0.name=?
Hibernate: 
    select
        n1_0.team,
        n1_0.id,
        n1_0.body,
        n1_0.date,
        n1_0.summary,
        n1_0.title 
    from
        news_data n1_0 
    where
        n1_0.team=?
Hibernate: 
    select
        t1_0.name,
        t1_0.away_record,
        t1_0.goals,
        t1_0.goals_per_game,
        t1_0.home_record,
        t1_0.points_per_game,
        t1_0.record 
    from
        team_data t1_0 
    where
        t1_0.name=?
Hibernate: 
    select
        n1_0.team,
        n1_0.id,
        n1_0.body,
        n1_0.date,
        n1_0.summary,
        n1_0.title 
    from
        news_data n1_0 
    where
        n1_0.team=?
Hibernate: 
    select
        t1_0.name,
        t1_0.away_record,
        t1_0.goals,
        t1_0.goals_per_game,
        t1_0.home_record,
        t1_0.points_per_game,
        t1_0.record 
    from
        team_data t1_0 
    where
        t1_0.name=?
Hibernate: 
    select
        n1_0.team,
        n1_0.id,
        n1_0.body,
        n1_0.date,
        n1_0.summary,
        n1_0.title 
    from
        news_data n1_0 
    where
        n1_0.team=?
Hibernate: 
    select
        t1_0.name,
        t1_0.away_record,
        t1_0.goals,
        t1_0.goals_per_game,
        t1_0.home_record,
        t1_0.points_per_game,
        t1_0.record 
    from
        team_data t1_0 
    where
        t1_0.name=?
Hibernate: 
    select
        n1_0.team,
        n1_0.id,
        n1_0.body,
        n1_0.date,
        n1_0.summary,
        n1_0.title 
    from
        news_data n1_0 
    where
        n1_0.team=?
Hibernate: 
    select
        t1_0.name,
        t1_0.away_record,
        t1_0.goals,
        t1_0.goals_per_game,
        t1_0.home_record,
        t1_0.points_per_game,
        t1_0.record 
    from
        team_data t1_0 
    where
        t1_0.name=?
Hibernate: 
    select
        n1_0.team,
        n1_0.id,
        n1_0.body,
        n1_0.date,
        n1_0.summary,
        n1_0.title 
    from
        news_data n1_0 
    where
        n1_0.team=?
Hibernate: 
    select
        t1_0.name,
        t1_0.away_record,
        t1_0.goals,
        t1_0.goals_per_game,
        t1_0.home_record,
        t1_0.points_per_game,
        t1_0.record 
    from
        team_data t1_0 
    where
        t1_0.name=?
Hibernate: 
    select
        n1_0.team,
        n1_0.id,
        n1_0.body,
        n1_0.date,
        n1_0.summary,
        n1_0.title 
    from
        news_data n1_0 
    where
        n1_0.team=?
Hibernate: 
    select
        t1_0.name,
        t1_0.away_record,
        t1_0.goals,
        t1_0.goals_per_game,
        t1_0.home_record,
        t1_0.points_per_game,
        t1_0.record 
    from
        team_data t1_0 
    where
        t1_0.name=?
Hibernate: 
    select
        n1_0.team,
        n1_0.id,
        n1_0.body,
        n1_0.date,
        n1_0.summary,
        n1_0.title 
    from
        news_data n1_0 
    where
        n1_0.team=?
Hibernate: 
    select
        t1_0.name,
        t1_0.away_record,
        t1_0.goals,
        t1_0.goals_per_game,
        t1_0.home_record,
        t1_0.points_per_game,
        t1_0.record 
    from
        team_data t1_0 
    where
        t1_0.name=?
Hibernate: 
    select
        n1_0.team,
        n1_0.id,
        n1_0.body,
        n1_0.date,
        n1_0.summary,
        n1_0.title 
    from
        news_data n1_0 
    where
        n1_0.team=?
Hibernate: 
    select
        t1_0.name,
        t1_0.away_record,
        t1_0.goals,
        t1_0.goals_per_game,
        t1_0.home_record,
        t1_0.points_per_game,
        t1_0.record 
    from
        team_data t1_0 
    where
        t1_0.name=?
Hibernate: 
    select
        n1_0.team,
        n1_0.id,
        n1_0.body,
        n1_0.date,
        n1_0.summary,
        n1_0.title 
    from
        news_data n1_0 
    where
        n1_0.team=?
Hibernate: 
    select
        t1_0.name,
        t1_0.away_record,
        t1_0.goals,
        t1_0.goals_per_game,
        t1_0.home_record,
        t1_0.points_per_game,
        t1_0.record 
    from
        team_data t1_0 
    where
        t1_0.name=?
Hibernate: 
    select
        n1_0.team,
        n1_0.id,
        n1_0.body,
        n1_0.date,
        n1_0.summary,
        n1_0.title 
    from
        news_data n1_0 
    where
        n1_0.team=?
Hibernate: 
    select
        t1_0.name,
        t1_0.away_record,
        t1_0.goals,
        t1_0.goals_per_game,
        t1_0.home_record,
        t1_0.points_per_game,
        t1_0.record 
    from
        team_data t1_0 
    where
        t1_0.name=?
Hibernate: 
    select
        n1_0.team,
        n1_0.id,
        n1_0.body,
        n1_0.date,
        n1_0.summary,
        n1_0.title 
    from
        news_data n1_0 
    where
        n1_0.team=?
Hibernate: 
    select
        t1_0.name,
        t1_0.away_record,
        t1_0.goals,
        t1_0.goals_per_game,
        t1_0.home_record,
        t1_0.points_per_game,
        t1_0.record 
    from
        team_data t1_0 
    where
        t1_0.name=?
Hibernate: 
    select
        n1_0.team,
        n1_0.id,
        n1_0.body,
        n1_0.date,
        n1_0.summary,
        n1_0.title 
    from
        news_data n1_0 
    where
        n1_0.team=?
Hibernate: 
    select
        t1_0.name,
        t1_0.away_record,
        t1_0.goals,
        t1_0.goals_per_game,
        t1_0.home_record,
        t1_0.points_per_game,
        t1_0.record 
    from
        team_data t1_0 
    where
        t1_0.name=?
Hibernate: 
    select
        n1_0.team,
        n1_0.id,
        n1_0.body,
        n1_0.date,
        n1_0.summary,
        n1_0.title 
    from
        news_data n1_0 
    where
        n1_0.team=?
Hibernate: 
    select
        t1_0.name,
        t1_0.away_record,
        t1_0.goals,
        t1_0.goals_per_game,
        t1_0.home_record,
        t1_0.points_per_game,
        t1_0.record 
    from
        team_data t1_0 
    where
        t1_0.name=?
Hibernate: 
    select
        n1_0.team,
        n1_0.id,
        n1_0.body,
        n1_0.date,
        n1_0.summary,
        n1_0.title 
    from
        news_data n1_0 
    where
        n1_0.team=?
Hibernate: 
    select
        t1_0.name,
        t1_0.away_record,
        t1_0.goals,
        t1_0.goals_per_game,
        t1_0.home_record,
        t1_0.points_per_game,
        t1_0.record 
    from
        team_data t1_0 
    where
        t1_0.name=?
Hibernate: 
    select
        n1_0.team,
        n1_0.id,
        n1_0.body,
        n1_0.date,
        n1_0.summary,
        n1_0.title 
    from
        news_data n1_0 
    where
        n1_0.team=?
Hibernate: 
    select
        t1_0.name,
        t1_0.away_record,
        t1_0.goals,
        t1_0.goals_per_game,
        t1_0.home_record,
        t1_0.points_per_game,
        t1_0.record 
    from
        team_data t1_0 
    where
        t1_0.name=?
Hibernate: 
    select
        n1_0.team,
        n1_0.id,
        n1_0.body,
        n1_0.date,
        n1_0.summary,
        n1_0.title 
    from
        news_data n1_0 
    where
        n1_0.team=?
Hibernate: 
    select
        t1_0.name,
        t1_0.away_record,
        t1_0.goals,
        t1_0.goals_per_game,
        t1_0.home_record,
        t1_0.points_per_game,
        t1_0.record 
    from
        team_data t1_0 
    where
        t1_0.name=?
Hibernate: 
    select
        n1_0.team,
        n1_0.id,
        n1_0.body,
        n1_0.date,
        n1_0.summary,
        n1_0.title 
    from
        news_data n1_0 
    where
        n1_0.team=?
Hibernate: 
    select
        t1_0.name,
        t1_0.away_record,
        t1_0.goals,
        t1_0.goals_per_game,
        t1_0.home_record,
        t1_0.points_per_game,
        t1_0.record 
    from
        team_data t1_0 
    where
        t1_0.name=?
Hibernate: 
    select
        n1_0.team,
        n1_0.id,
        n1_0.body,
        n1_0.date,
        n1_0.summary,
        n1_0.title 
    from
        news_data n1_0 
    where
        n1_0.team=?
Hibernate: 
    select
        t1_0.name,
        t1_0.away_record,
        t1_0.goals,
        t1_0.goals_per_game,
        t1_0.home_record,
        t1_0.points_per_game,
        t1_0.record 
    from
        team_data t1_0 
    where
        t1_0.name=?
Hibernate: 
    select
        n1_0.team,
        n1_0.id,
        n1_0.body,
        n1_0.date,
        n1_0.summary,
        n1_0.title 
    from
        news_data n1_0 
    where
        n1_0.team=?
Hibernate: 
    select
        t1_0.name,
        t1_0.away_record,
        t1_0.goals,
        t1_0.goals_per_game,
        t1_0.home_record,
        t1_0.points_per_game,
        t1_0.record 
    from
        team_data t1_0 
    where
        t1_0.name=?
Hibernate: 
    select
        n1_0.team,
        n1_0.id,
        n1_0.body,
        n1_0.date,
        n1_0.summary,
        n1_0.title 
    from
        news_data n1_0 
    where
        n1_0.team=?
Hibernate: 
    select
        t1_0.name,
        t1_0.away_record,
        t1_0.goals,
        t1_0.goals_per_game,
        t1_0.home_record,
        t1_0.points_per_game,
        t1_0.record 
    from
        team_data t1_0 
    where
        t1_0.name=?
Hibernate: 
    select
        n1_0.team,
        n1_0.id,
        n1_0.body,
        n1_0.date,
        n1_0.summary,
        n1_0.title 
    from
        news_data n1_0 
    where
        n1_0.team=?
Hibernate: 
    select
        t1_0.name,
        t1_0.away_record,
        t1_0.goals,
        t1_0.goals_per_game,
        t1_0.home_record,
        t1_0.points_per_game,
        t1_0.record 
    from
        team_data t1_0 
    where
        t1_0.name=?
Hibernate: 
    select
        n1_0.team,
        n1_0.id,
        n1_0.body,
        n1_0.date,
        n1_0.summary,
        n1_0.title 
    from
        news_data n1_0 
    where
        n1_0.team=?
Hibernate: 
    select
        t1_0.name,
        t1_0.away_record,
        t1_0.goals,
        t1_0.goals_per_game,
        t1_0.home_record,
        t1_0.points_per_game,
        t1_0.record 
    from
        team_data t1_0 
    where
        t1_0.name=?
Hibernate: 
    select
        n1_0.team,
        n1_0.id,
        n1_0.body,
        n1_0.date,
        n1_0.summary,
        n1_0.title 
    from
        news_data n1_0 
    where
        n1_0.team=?
Hibernate: 
    select
        t1_0.name,
        t1_0.away_record,
        t1_0.goals,
        t1_0.goals_per_game,
        t1_0.home_record,
        t1_0.points_per_game,
        t1_0.record 
    from
        team_data t1_0 
    where
        t1_0.name=?
Hibernate: 
    select
        n1_0.team,
        n1_0.id,
        n1_0.body,
        n1_0.date,
        n1_0.summary,
        n1_0.title 
    from
        news_data n1_0 
    where
        n1_0.team=?
Hibernate: 
    select
        t1_0.name,
        t1_0.away_record,
        t1_0.goals,
        t1_0.goals_per_game,
        t1_0.home_record,
        t1_0.points_per_game,
        t1_0.record 
    from
        team_data t1_0 
    where
        t1_0.name=?
Hibernate: 
    select
        n1_0.team,
        n1_0.id,
        n1_0.body,
        n1_0.date,
        n1_0.summary,
        n1_0.title 
    from
        news_data n1_0 
    where
        n1_0.team=?
Hibernate: 
    select
        t1_0.name,
        t1_0.away_record,
        t1_0.goals,
        t1_0.goals_per_game,
        t1_0.home_record,
        t1_0.points_per_game,
        t1_0.record 
    from
        team_data t1_0 
    where
        t1_0.name=?
Hibernate: 
    select
        n1_0.team,
        n1_0.id,
        n1_0.body,
        n1_0.date,
        n1_0.summary,
        n1_0.title 
    from
        news_data n1_0 
    where
        n1_0.team=?
Hibernate: 
    select
        t1_0.name,
        t1_0.away_record,
        t1_0.goals,
        t1_0.goals_per_game,
        t1_0.home_record,
        t1_0.points_per_game,
        t1_0.record 
    from
        team_data t1_0 
    where
        t1_0.name=?
Hibernate: 
    select
        n1_0.team,
        n1_0.id,
        n1_0.body,
        n1_0.date,
        n1_0.summary,
        n1_0.title 
    from
        news_data n1_0 
    where
        n1_0.team=?
Hibernate: 
    select
        t1_0.name,
        t1_0.away_record,
        t1_0.goals,
        t1_0.goals_per_game,
        t1_0.home_record,
        t1_0.points_per_game,
        t1_0.record 
    from
        team_data t1_0 
    where
        t1_0.name=?
Hibernate: 
    select
        n1_0.team,
        n1_0.id,
        n1_0.body,
        n1_0.date,
        n1_0.summary,
        n1_0.title 
    from
        news_data n1_0 
    where
        n1_0.team=?
Hibernate: 
    select
        t1_0.name,
        t1_0.away_record,
        t1_0.goals,
        t1_0.goals_per_game,
        t1_0.home_record,
        t1_0.points_per_game,
        t1_0.record 
    from
        team_data t1_0 
    where
        t1_0.name=?
Hibernate: 
    select
        n1_0.team,
        n1_0.id,
        n1_0.body,
        n1_0.date,
        n1_0.summary,
        n1_0.title 
    from
        news_data n1_0 
    where
        n1_0.team=?
Hibernate: 
    select
        t1_0.name,
        t1_0.away_record,
        t1_0.goals,
        t1_0.goals_per_game,
        t1_0.home_record,
        t1_0.points_per_game,
        t1_0.record 
    from
        team_data t1_0 
    where
        t1_0.name=?
Hibernate: 
    select
        n1_0.team,
        n1_0.id,
        n1_0.body,
        n1_0.date,
        n1_0.summary,
        n1_0.title 
    from
        news_data n1_0 
    where
        n1_0.team=?
Hibernate: 
    select
        t1_0.name,
        t1_0.away_record,
        t1_0.goals,
        t1_0.goals_per_game,
        t1_0.home_record,
        t1_0.points_per_game,
        t1_0.record 
    from
        team_data t1_0 
    where
        t1_0.name=?
Hibernate: 
    select
        n1_0.team,
        n1_0.id,
        n1_0.body,
        n1_0.date,
        n1_0.summary,
        n1_0.title 
    from
        news_data n1_0 
    where
        n1_0.team=?
Hibernate: 
    select
        t1_0.name,
        t1_0.away_record,
        t1_0.goals,
        t1_0.goals_per_game,
        t1_0.home_record,
        t1_0.points_per_game,
        t1_0.record 
    from
        team_data t1_0 
    where
        t1_0.name=?
Hibernate: 
    select
        n1_0.team,
        n1_0.id,
        n1_0.body,
        n1_0.date,
        n1_0.summary,
        n1_0.title 
    from
        news_data n1_0 
    where
        n1_0.team=?
Hibernate: 
    select
        t1_0.name,
        t1_0.away_record,
        t1_0.goals,
        t1_0.goals_per_game,
        t1_0.home_record,
        t1_0.points_per_game,
        t1_0.record 
    from
        team_data t1_0 
    where
        t1_0.name=?
Hibernate: 
    select
        n1_0.team,
        n1_0.id,
        n1_0.body,
        n1_0.date,
        n1_0.summary,
        n1_0.title 
    from
        news_data n1_0 
    where
        n1_0.team=?
Hibernate: 
    select
        t1_0.name,
        t1_0.away_record,
        t1_0.goals,
        t1_0.goals_per_game,
        t1_0.home_record,
        t1_0.points_per_game,
        t1_0.record 
    from
        team_data t1_0 
    where
        t1_0.name=?
Hibernate: 
    select
        n1_0.team,
        n1_0.id,
        n1_0.body,
        n1_0.date,
        n1_0.summary,
        n1_0.title 
    from
        news_data n1_0 
    where
        n1_0.team=?
Hibernate: 
    select
        t1_0.name,
        t1_0.away_record,
        t1_0.goals,
        t1_0.goals_per_game,
        t1_0.home_record,
        t1_0.points_per_game,
        t1_0.record 
    from
        team_data t1_0 
    where
        t1_0.name=?
Hibernate: 
    select
        n1_0.team,
        n1_0.id,
        n1_0.body,
        n1_0.date,
        n1_0.summary,
        n1_0.title 
    from
        news_data n1_0 
    where
        n1_0.team=?
Hibernate: 
    select
        t1_0.name,
        t1_0.away_record,
        t1_0.goals,
        t1_0.goals_per_game,
        t1_0.home_record,
        t1_0.points_per_game,
        t1_0.record 
    from
        team_data t1_0 
    where
        t1_0.name=?
Hibernate: 
    select
        n1_0.team,
        n1_0.id,
        n1_0.body,
        n1_0.date,
        n1_0.summary,
        n1_0.title 
    from
        news_data n1_0 
    where
        n1_0.team=?
Hibernate: 
    select
        t1_0.name,
        t1_0.away_record,
        t1_0.goals,
        t1_0.goals_per_game,
        t1_0.home_record,
        t1_0.points_per_game,
        t1_0.record 
    from
        team_data t1_0 
    where
        t1_0.name=?
Hibernate: 
    select
        n1_0.team,
        n1_0.id,
        n1_0.body,
        n1_0.date,
        n1_0.summary,
        n1_0.title 
    from
        news_data n1_0 
    where
        n1_0.team=?
Hibernate: 
    select
        t1_0.name,
        t1_0.away_record,
        t1_0.goals,
        t1_0.goals_per_game,
        t1_0.home_record,
        t1_0.points_per_game,
        t1_0.record 
    from
        team_data t1_0 
    where
        t1_0.name=?
Hibernate: 
    select
        n1_0.team,
        n1_0.id,
        n1_0.body,
        n1_0.date,
        n1_0.summary,
        n1_0.title 
    from
        news_data n1_0 
    where
        n1_0.team=?
Hibernate: 
    select
        t1_0.name,
        t1_0.away_record,
        t1_0.goals,
        t1_0.goals_per_game,
        t1_0.home_record,
        t1_0.points_per_game,
        t1_0.record 
    from
        team_data t1_0 
    where
        t1_0.name=?
Hibernate: 
    select
        n1_0.team,
        n1_0.id,
        n1_0.body,
        n1_0.date,
        n1_0.summary,
        n1_0.title 
    from
        news_data n1_0 
    where
        n1_0.team=?
Hibernate: 
    select
        t1_0.name,
        t1_0.away_record,
        t1_0.goals,
        t1_0.goals_per_game,
        t1_0.home_record,
        t1_0.points_per_game,
        t1_0.record 
    from
        team_data t1_0 
    where
        t1_0.name=?
Hibernate: 
    select
        n1_0.team,
        n1_0.id,
        n1_0.body,
        n1_0.date,
        n1_0.summary,
        n1_0.title 
    from
        news_data n1_0 
    where
        n1_0.team=?
Hibernate: 
    select
        t1_0.name,
        t1_0.away_record,
        t1_0.goals,
        t1_0.goals_per_game,
        t1_0.home_record,
        t1_0.points_per_game,
        t1_0.record 
    from
        team_data t1_0 
    where
        t1_0.name=?
Hibernate: 
    select
        n1_0.team,
        n1_0.id,
        n1_0.body,
        n1_0.date,
        n1_0.summary,
        n1_0.title 
    from
        news_data n1_0 
    where
        n1_0.team=?
Hibernate: 
    select
        t1_0.name,
        t1_0.away_record,
        t1_0.goals,
        t1_0.goals_per_game,
        t1_0.home_record,
        t1_0.points_per_game,
        t1_0.record 
    from
        team_data t1_0 
    where
        t1_0.name=?
Hibernate: 
    select
        n1_0.team,
        n1_0.id,
        n1_0.body,
        n1_0.date,
        n1_0.summary,
        n1_0.title 
    from
        news_data n1_0 
    where
        n1_0.team=?
Hibernate: 
    select
        t1_0.name,
        t1_0.away_record,
        t1_0.goals,
        t1_0.goals_per_game,
        t1_0.home_record,
        t1_0.points_per_game,
        t1_0.record 
    from
        team_data t1_0 
    where
        t1_0.name=?
Hibernate: 
    select
        n1_0.team,
        n1_0.id,
        n1_0.body,
        n1_0.date,
        n1_0.summary,
        n1_0.title 
    from
        news_data n1_0 
    where
        n1_0.team=?
Hibernate: 
    select
        t1_0.name,
        t1_0.away_record,
        t1_0.goals,
        t1_0.goals_per_game,
        t1_0.home_record,
        t1_0.points_per_game,
        t1_0.record 
    from
        team_data t1_0 
    where
        t1_0.name=?
Hibernate: 
    select
        n1_0.team,
        n1_0.id,
        n1_0.body,
        n1_0.date,
        n1_0.summary,
        n1_0.title 
    from
        news_data n1_0 
    where
        n1_0.team=?
Hibernate: 
    select
        t1_0.name,
        t1_0.away_record,
        t1_0.goals,
        t1_0.goals_per_game,
        t1_0.home_record,
        t1_0.points_per_game,
        t1_0.record 
    from
        team_data t1_0 
    where
        t1_0.name=?
Hibernate: 
    select
        n1_0.team,
        n1_0.id,
        n1_0.body,
        n1_0.date,
        n1_0.summary,
        n1_0.title 
    from
        news_data n1_0 
    where
        n1_0.team=?
Hibernate: 
    select
        t1_0.name,
        t1_0.away_record,
        t1_0.goals,
        t1_0.goals_per_game,
        t1_0.home_record,
        t1_0.points_per_game,
        t1_0.record 
    from
        team_data t1_0 
    where
        t1_0.name=?
Hibernate: 
    select
        n1_0.team,
        n1_0.id,
        n1_0.body,
        n1_0.date,
        n1_0.summary,
        n1_0.title 
    from
        news_data n1_0 
    where
        n1_0.team=?
Hibernate: 
    select
        t1_0.name,
        t1_0.away_record,
        t1_0.goals,
        t1_0.goals_per_game,
        t1_0.home_record,
        t1_0.points_per_game,
        t1_0.record 
    from
        team_data t1_0 
    where
        t1_0.name=?
Hibernate: 
    select
        n1_0.team,
        n1_0.id,
        n1_0.body,
        n1_0.date,
        n1_0.summary,
        n1_0.title 
    from
        news_data n1_0 
    where
        n1_0.team=?
Hibernate: 
    select
        t1_0.name,
        t1_0.away_record,
        t1_0.goals,
        t1_0.goals_per_game,
        t1_0.home_record,
        t1_0.points_per_game,
        t1_0.record 
    from
        team_data t1_0 
    where
        t1_0.name=?
Hibernate: 
    select
        n1_0.team,
        n1_0.id,
        n1_0.body,
        n1_0.date,
        n1_0.summary,
        n1_0.title 
    from
        news_data n1_0 
    where
        n1_0.team=?
Hibernate: 
    select
        t1_0.name,
        t1_0.away_record,
        t1_0.goals,
        t1_0.goals_per_game,
        t1_0.home_record,
        t1_0.points_per_game,
        t1_0.record 
    from
        team_data t1_0 
    where
        t1_0.name=?
Hibernate: 
    select
        n1_0.team,
        n1_0.id,
        n1_0.body,
        n1_0.date,
        n1_0.summary,
        n1_0.title 
    from
        news_data n1_0 
    where
        n1_0.team=?
Hibernate: 
    select
        t1_0.name,
        t1_0.away_record,
        t1_0.goals,
        t1_0.goals_per_game,
        t1_0.home_record,
        t1_0.points_per_game,
        t1_0.record 
    from
        team_data t1_0 
    where
        t1_0.name=?
Hibernate: 
    select
        n1_0.team,
        n1_0.id,
        n1_0.body,
        n1_0.date,
        n1_0.summary,
        n1_0.title 
    from
        news_data n1_0 
    where
        n1_0.team=?
Hibernate: 
    select
        t1_0.name,
        t1_0.away_record,
        t1_0.goals,
        t1_0.goals_per_game,
        t1_0.home_record,
        t1_0.points_per_game,
        t1_0.record 
    from
        team_data t1_0 
    where
        t1_0.name=?
Hibernate: 
    select
        n1_0.team,
        n1_0.id,
        n1_0.body,
        n1_0.date,
        n1_0.summary,
        n1_0.title 
    from
        news_data n1_0 
    where
        n1_0.team=?
Hibernate: 
    select
        t1_0.name,
        t1_0.away_record,
        t1_0.goals,
        t1_0.goals_per_game,
        t1_0.home_record,
        t1_0.points_per_game,
        t1_0.record 
    from
        team_data t1_0 
    where
        t1_0.name=?
Hibernate: 
    select
        n1_0.team,
        n1_0.id,
        n1_0.body,
        n1_0.date,
        n1_0.summary,
        n1_0.title 
    from
        news_data n1_0 
    where
        n1_0.team=?
Hibernate: 
    select
        t1_0.name,
        t1_0.away_record,
        t1_0.goals,
        t1_0.goals_per_game,
        t1_0.home_record,
        t1_0.points_per_game,
        t1_0.record 
    from
        team_data t1_0 
    where
        t1_0.name=?
Hibernate: 
    select
        n1_0.team,
        n1_0.id,
        n1_0.body,
        n1_0.date,
        n1_0.summary,
        n1_0.title 
    from
        news_data n1_0 
    where
        n1_0.team=?
Hibernate: 
    select
        t1_0.name,
        t1_0.away_record,
        t1_0.goals,
        t1_0.goals_per_game,
        t1_0.home_record,
        t1_0.points_per_game,
        t1_0.record 
    from
        team_data t1_0 
    where
        t1_0.name=?
Hibernate: 
    select
        n1_0.team,
        n1_0.id,
        n1_0.body,
        n1_0.date,
        n1_0.summary,
        n1_0.title 
    from
        news_data n1_0 
    where
        n1_0.team=?
Hibernate: 
    select
        t1_0.name,
        t1_0.away_record,
        t1_0.goals,
        t1_0.goals_per_game,
        t1_0.home_record,
        t1_0.points_per_game,
        t1_0.record 
    from
        team_data t1_0 
    where
        t1_0.name=?
Hibernate: 
    select
        n1_0.team,
        n1_0.id,
        n1_0.body,
        n1_0.date,
        n1_0.summary,
        n1_0.title 
    from
        news_data n1_0 
    where
        n1_0.team=?
Hibernate: 
    select
        t1_0.name,
        t1_0.away_record,
        t1_0.goals,
        t1_0.goals_per_game,
        t1_0.home_record,
        t1_0.points_per_game,
        t1_0.record 
    from
        team_data t1_0 
    where
        t1_0.name=?
Hibernate: 
    select
        n1_0.team,
        n1_0.id,
        n1_0.body,
        n1_0.date,
        n1_0.summary,
        n1_0.title 
    from
        news_data n1_0 
    where
        n1_0.team=?
Hibernate: 
    select
        t1_0.name,
        t1_0.away_record,
        t1_0.goals,
        t1_0.goals_per_game,
        t1_0.home_record,
        t1_0.points_per_game,
        t1_0.record 
    from
        team_data t1_0 
    where
        t1_0.name=?
Hibernate: 
    select
        n1_0.team,
        n1_0.id,
        n1_0.body,
        n1_0.date,
        n1_0.summary,
        n1_0.title 
    from
        news_data n1_0 
    where
        n1_0.team=?
Hibernate: 
    select
        t1_0.name,
        t1_0.away_record,
        t1_0.goals,
        t1_0.goals_per_game,
        t1_0.home_record,
        t1_0.points_per_game,
        t1_0.record 
    from
        team_data t1_0 
    where
        t1_0.name=?
Hibernate: 
    select
        n1_0.team,
        n1_0.id,
        n1_0.body,
        n1_0.date,
        n1_0.summary,
        n1_0.title 
    from
        news_data n1_0 
    where
        n1_0.team=?
Hibernate: 
    select
        t1_0.name,
        t1_0.away_record,
        t1_0.goals,
        t1_0.goals_per_game,
        t1_0.home_record,
        t1_0.points_per_game,
        t1_0.record 
    from
        team_data t1_0 
    where
        t1_0.name=?
Hibernate: 
    select
        n1_0.team,
        n1_0.id,
        n1_0.body,
        n1_0.date,
        n1_0.summary,
        n1_0.title 
    from
        news_data n1_0 
    where
        n1_0.team=?
Hibernate: 
    select
        t1_0.name,
        t1_0.away_record,
        t1_0.goals,
        t1_0.goals_per_game,
        t1_0.home_record,
        t1_0.points_per_game,
        t1_0.record 
    from
        team_data t1_0 
    where
        t1_0.name=?
Hibernate: 
    select
        n1_0.team,
        n1_0.id,
        n1_0.body,
        n1_0.date,
        n1_0.summary,
        n1_0.title 
    from
        news_data n1_0 
    where
        n1_0.team=?
Hibernate: 
    select
        t1_0.name,
        t1_0.away_record,
        t1_0.goals,
        t1_0.goals_per_game,
        t1_0.home_record,
        t1_0.points_per_game,
        t1_0.record 
    from
        team_data t1_0 
    where
        t1_0.name=?
Hibernate: 
    select
        n1_0.team,
        n1_0.id,
        n1_0.body,
        n1_0.date,
        n1_0.summary,
        n1_0.title 
    from
        news_data n1_0 
    where
        n1_0.team=?
Hibernate: 
    select
        t1_0.name,
        t1_0.away_record,
        t1_0.goals,
        t1_0.goals_per_game,
        t1_0.home_record,
        t1_0.points_per_game,
        t1_0.record 
    from
        team_data t1_0 
    where
        t1_0.name=?
Hibernate: 
    select
        n1_0.team,
        n1_0.id,
        n1_0.body,
        n1_0.date,
        n1_0.summary,
        n1_0.title 
    from
        news_data n1_0 
    where
        n1_0.team=?
Hibernate: 
    select
        t1_0.name,
        t1_0.away_record,
        t1_0.goals,
        t1_0.goals_per_game,
        t1_0.home_record,
        t1_0.points_per_game,
        t1_0.record 
    from
        team_data t1_0 
    where
        t1_0.name=?
Hibernate: 
    select
        n1_0.team,
        n1_0.id,
        n1_0.body,
        n1_0.date,
        n1_0.summary,
        n1_0.title 
    from
        news_data n1_0 
    where
        n1_0.team=?
Hibernate: 
    select
        t1_0.name,
        t1_0.away_record,
        t1_0.goals,
        t1_0.goals_per_game,
        t1_0.home_record,
        t1_0.points_per_game,
        t1_0.record 
    from
        team_data t1_0 
    where
        t1_0.name=?
Hibernate: 
    select
        n1_0.team,
        n1_0.id,
        n1_0.body,
        n1_0.date,
        n1_0.summary,
        n1_0.title 
    from
        news_data n1_0 
    where
        n1_0.team=?
Hibernate: 
    select
        t1_0.name,
        t1_0.away_record,
        t1_0.goals,
        t1_0.goals_per_game,
        t1_0.home_record,
        t1_0.points_per_game,
        t1_0.record 
    from
        team_data t1_0 
    where
        t1_0.name=?
Hibernate: 
    select
        n1_0.team,
        n1_0.id,
        n1_0.body,
        n1_0.date,
        n1_0.summary,
        n1_0.title 
    from
        news_data n1_0 
    where
        n1_0.team=?
Hibernate: 
    select
        t1_0.name,
        t1_0.away_record,
        t1_0.goals,
        t1_0.goals_per_game,
        t1_0.home_record,
        t1_0.points_per_game,
        t1_0.record 
    from
        team_data t1_0 
    where
        t1_0.name=?
Hibernate: 
    select
        n1_0.team,
        n1_0.id,
        n1_0.body,
        n1_0.date,
        n1_0.summary,
        n1_0.title 
    from
        news_data n1_0 
    where
        n1_0.team=?
Hibernate: 
    select
        t1_0.name,
        t1_0.away_record,
        t1_0.goals,
        t1_0.goals_per_game,
        t1_0.home_record,
        t1_0.points_per_game,
        t1_0.record 
    from
        team_data t1_0 
    where
        t1_0.name=?
Hibernate: 
    select
        n1_0.team,
        n1_0.id,
        n1_0.body,
        n1_0.date,
        n1_0.summary,
        n1_0.title 
    from
        news_data n1_0 
    where
        n1_0.team=?
Hibernate: 
    select
        t1_0.name,
        t1_0.away_record,
        t1_0.goals,
        t1_0.goals_per_game,
        t1_0.home_record,
        t1_0.points_per_game,
        t1_0.record 
    from
        team_data t1_0 
    where
        t1_0.name=?
Hibernate: 
    select
        n1_0.team,
        n1_0.id,
        n1_0.body,
        n1_0.date,
        n1_0.summary,
        n1_0.title 
    from
        news_data n1_0 
    where
        n1_0.team=?
Hibernate: 
    select
        t1_0.name,
        t1_0.away_record,
        t1_0.goals,
        t1_0.goals_per_game,
        t1_0.home_record,
        t1_0.points_per_game,
        t1_0.record 
    from
        team_data t1_0 
    where
        t1_0.name=?
Hibernate: 
    select
        n1_0.team,
        n1_0.id,
        n1_0.body,
        n1_0.date,
        n1_0.summary,
        n1_0.title 
    from
        news_data n1_0 
    where
        n1_0.team=?
Hibernate: 
    select
        t1_0.name,
        t1_0.away_record,
        t1_0.goals,
        t1_0.goals_per_game,
        t1_0.home_record,
        t1_0.points_per_game,
        t1_0.record 
    from
        team_data t1_0 
    where
        t1_0.name=?
Hibernate: 
    select
        n1_0.team,
        n1_0.id,
        n1_0.body,
        n1_0.date,
        n1_0.summary,
        n1_0.title 
    from
        news_data n1_0 
    where
        n1_0.team=?
Hibernate: 
    select
        t1_0.name,
        t1_0.away_record,
        t1_0.goals,
        t1_0.goals_per_game,
        t1_0.home_record,
        t1_0.points_per_game,
        t1_0.record 
    from
        team_data t1_0 
    where
        t1_0.name=?
Hibernate: 
    select
        n1_0.team,
        n1_0.id,
        n1_0.body,
        n1_0.date,
        n1_0.summary,
        n1_0.title 
    from
        news_data n1_0 
    where
        n1_0.team=?
Hibernate: 
    select
        t1_0.name,
        t1_0.away_record,
        t1_0.goals,
        t1_0.goals_per_game,
        t1_0.home_record,
        t1_0.points_per_game,
        t1_0.record 
    from
        team_data t1_0 
    where
        t1_0.name=?
Hibernate: 
    select
        n1_0.team,
        n1_0.id,
        n1_0.body,
        n1_0.date,
        n1_0.summary,
        n1_0.title 
    from
        news_data n1_0 
    where
        n1_0.team=?
Hibernate: 
    select
        t1_0.name,
        t1_0.away_record,
        t1_0.goals,
        t1_0.goals_per_game,
        t1_0.home_record,
        t1_0.points_per_game,
        t1_0.record 
    from
        team_data t1_0 
    where
        t1_0.name=?
Hibernate: 
    select
        n1_0.team,
        n1_0.id,
        n1_0.body,
        n1_0.date,
        n1_0.summary,
        n1_0.title 
    from
        news_data n1_0 
    where
        n1_0.team=?
Hibernate: 
    select
        t1_0.name,
        t1_0.away_record,
        t1_0.goals,
        t1_0.goals_per_game,
        t1_0.home_record,
        t1_0.points_per_game,
        t1_0.record 
    from
        team_data t1_0 
    where
        t1_0.name=?
Hibernate: 
    select
        n1_0.team,
        n1_0.id,
        n1_0.body,
        n1_0.date,
        n1_0.summary,
        n1_0.title 
    from
        news_data n1_0 
    where
        n1_0.team=?
Hibernate: 
    select
        t1_0.name,
        t1_0.away_record,
        t1_0.goals,
        t1_0.goals_per_game,
        t1_0.home_record,
        t1_0.points_per_game,
        t1_0.record 
    from
        team_data t1_0 
    where
        t1_0.name=?
Hibernate: 
    select
        n1_0.team,
        n1_0.id,
        n1_0.body,
        n1_0.date,
        n1_0.summary,
        n1_0.title 
    from
        news_data n1_0 
    where
        n1_0.team=?
Hibernate: 
    select
        t1_0.name,
        t1_0.away_record,
        t1_0.goals,
        t1_0.goals_per_game,
        t1_0.home_record,
        t1_0.points_per_game,
        t1_0.record 
    from
        team_data t1_0 
    where
        t1_0.name=?
Hibernate: 
    select
        n1_0.team,
        n1_0.id,
        n1_0.body,
        n1_0.date,
        n1_0.summary,
        n1_0.title 
    from
        news_data n1_0 
    where
        n1_0.team=?
Hibernate: 
    select
        t1_0.name,
        t1_0.away_record,
        t1_0.goals,
        t1_0.goals_per_game,
        t1_0.home_record,
        t1_0.points_per_game,
        t1_0.record 
    from
        team_data t1_0 
    where
        t1_0.name=?
Hibernate: 
    select
        n1_0.team,
        n1_0.id,
        n1_0.body,
        n1_0.date,
        n1_0.summary,
        n1_0.title 
    from
        news_data n1_0 
    where
        n1_0.team=?
Hibernate: 
    select
        t1_0.name,
        t1_0.away_record,
        t1_0.goals,
        t1_0.goals_per_game,
        t1_0.home_record,
        t1_0.points_per_game,
        t1_0.record 
    from
        team_data t1_0 
    where
        t1_0.name=?
Hibernate: 
    select
        n1_0.team,
        n1_0.id,
        n1_0.body,
        n1_0.date,
        n1_0.summary,
        n1_0.title 
    from
        news_data n1_0 
    where
        n1_0.team=?
Hibernate: 
    select
        t1_0.name,
        t1_0.away_record,
        t1_0.goals,
        t1_0.goals_per_game,
        t1_0.home_record,
        t1_0.points_per_game,
        t1_0.record 
    from
        team_data t1_0 
    where
        t1_0.name=?
Hibernate: 
    select
        n1_0.team,
        n1_0.id,
        n1_0.body,
        n1_0.date,
        n1_0.summary,
        n1_0.title 
    from
        news_data n1_0 
    where
        n1_0.team=?
Hibernate: 
    select
        t1_0.name,
        t1_0.away_record,
        t1_0.goals,
        t1_0.goals_per_game,
        t1_0.home_record,
        t1_0.points_per_game,
        t1_0.record 
    from
        team_data t1_0 
    where
        t1_0.name=?
Hibernate: 
    select
        n1_0.team,
        n1_0.id,
        n1_0.body,
        n1_0.date,
        n1_0.summary,
        n1_0.title 
    from
        news_data n1_0 
    where
        n1_0.team=?
Hibernate: 
    select
        t1_0.name,
        t1_0.away_record,
        t1_0.goals,
        t1_0.goals_per_game,
        t1_0.home_record,
        t1_0.points_per_game,
        t1_0.record 
    from
        team_data t1_0 
    where
        t1_0.name=?
Hibernate: 
    select
        n1_0.team,
        n1_0.id,
        n1_0.body,
        n1_0.date,
        n1_0.summary,
        n1_0.title 
    from
        news_data n1_0 
    where
        n1_0.team=?
Hibernate: 
    select
        t1_0.name,
        t1_0.away_record,
        t1_0.goals,
        t1_0.goals_per_game,
        t1_0.home_record,
        t1_0.points_per_game,
        t1_0.record 
    from
        team_data t1_0 
    where
        t1_0.name=?
Hibernate: 
    select
        n1_0.team,
        n1_0.id,
        n1_0.body,
        n1_0.date,
        n1_0.summary,
        n1_0.title 
    from
        news_data n1_0 
    where
        n1_0.team=?
Hibernate: 
    select
        t1_0.name,
        t1_0.away_record,
        t1_0.goals,
        t1_0.goals_per_game,
        t1_0.home_record,
        t1_0.points_per_game,
        t1_0.record 
    from
        team_data t1_0 
    where
        t1_0.name=?
Hibernate: 
    select
        n1_0.team,
        n1_0.id,
        n1_0.body,
        n1_0.date,
        n1_0.summary,
        n1_0.title 
    from
        news_data n1_0 
    where
        n1_0.team=?
Hibernate: 
    select
        t1_0.name,
        t1_0.away_record,
        t1_0.goals,
        t1_0.goals_per_game,
        t1_0.home_record,
        t1_0.points_per_game,
        t1_0.record 
    from
        team_data t1_0 
    where
        t1_0.name=?
Hibernate: 
    select
        n1_0.team,
        n1_0.id,
        n1_0.body,
        n1_0.date,
        n1_0.summary,
        n1_0.title 
    from
        news_data n1_0 
    where
        n1_0.team=?
Hibernate: 
    select
        t1_0.name,
        t1_0.away_record,
        t1_0.goals,
        t1_0.goals_per_game,
        t1_0.home_record,
        t1_0.points_per_game,
        t1_0.record 
    from
        team_data t1_0 
    where
        t1_0.name=?
Hibernate: 
    select
        n1_0.team,
        n1_0.id,
        n1_0.body,
        n1_0.date,
        n1_0.summary,
        n1_0.title 
    from
        news_data n1_0 
    where
        n1_0.team=?
Hibernate: 
    select
        t1_0.name,
        t1_0.away_record,
        t1_0.goals,
        t1_0.goals_per_game,
        t1_0.home_record,
        t1_0.points_per_game,
        t1_0.record 
    from
        team_data t1_0 
    where
        t1_0.name=?
Hibernate: 
    select
        n1_0.team,
        n1_0.id,
        n1_0.body,
        n1_0.date,
        n1_0.summary,
        n1_0.title 
    from
        news_data n1_0 
    where
        n1_0.team=?
Hibernate: 
    select
        t1_0.name,
        t1_0.away_record,
        t1_0.goals,
        t1_0.goals_per_game,
        t1_0.home_record,
        t1_0.points_per_game,
        t1_0.record 
    from
        team_data t1_0 
    where
        t1_0.name=?
Hibernate: 
    select
        n1_0.team,
        n1_0.id,
        n1_0.body,
        n1_0.date,
        n1_0.summary,
        n1_0.title 
    from
        news_data n1_0 
    where
        n1_0.team=?
Hibernate: 
    select
        t1_0.name,
        t1_0.away_record,
        t1_0.goals,
        t1_0.goals_per_game,
        t1_0.home_record,
        t1_0.points_per_game,
        t1_0.record 
    from
        team_data t1_0 
    where
        t1_0.name=?
Hibernate: 
    select
        n1_0.team,
        n1_0.id,
        n1_0.body,
        n1_0.date,
        n1_0.summary,
        n1_0.title 
    from
        news_data n1_0 
    where
        n1_0.team=?
Hibernate: 
    select
        t1_0.name,
        t1_0.away_record,
        t1_0.goals,
        t1_0.goals_per_game,
        t1_0.home_record,
        t1_0.points_per_game,
        t1_0.record 
    from
        team_data t1_0 
    where
        t1_0.name=?
Hibernate: 
    select
        n1_0.team,
        n1_0.id,
        n1_0.body,
        n1_0.date,
        n1_0.summary,
        n1_0.title 
    from
        news_data n1_0 
    where
        n1_0.team=?
Hibernate: 
    select
        t1_0.name,
        t1_0.away_record,
        t1_0.goals,
        t1_0.goals_per_game,
        t1_0.home_record,
        t1_0.points_per_game,
        t1_0.record 
    from
        team_data t1_0 
    where
        t1_0.name=?
Hibernate: 
    select
        n1_0.team,
        n1_0.id,
        n1_0.body,
        n1_0.date,
        n1_0.summary,
        n1_0.title 
    from
        news_data n1_0 
    where
        n1_0.team=?
Hibernate: 
    select
        t1_0.name,
        t1_0.away_record,
        t1_0.goals,
        t1_0.goals_per_game,
        t1_0.home_record,
        t1_0.points_per_game,
        t1_0.record 
    from
        team_data t1_0 
    where
        t1_0.name=?
Hibernate: 
    select
        n1_0.team,
        n1_0.id,
        n1_0.body,
        n1_0.date,
        n1_0.summary,
        n1_0.title 
    from
        news_data n1_0 
    where
        n1_0.team=?
Hibernate: 
    select
        t1_0.name,
        t1_0.away_record,
        t1_0.goals,
        t1_0.goals_per_game,
        t1_0.home_record,
        t1_0.points_per_game,
        t1_0.record 
    from
        team_data t1_0 
    where
        t1_0.name=?
Hibernate: 
    select
        n1_0.team,
        n1_0.id,
        n1_0.body,
        n1_0.date,
        n1_0.summary,
        n1_0.title 
    from
        news_data n1_0 
    where
        n1_0.team=?
Hibernate: 
    select
        t1_0.name,
        t1_0.away_record,
        t1_0.goals,
        t1_0.goals_per_game,
        t1_0.home_record,
        t1_0.points_per_game,
        t1_0.record 
    from
        team_data t1_0 
    where
        t1_0.name=?
Hibernate: 
    select
        n1_0.team,
        n1_0.id,
        n1_0.body,
        n1_0.date,
        n1_0.summary,
        n1_0.title 
    from
        news_data n1_0 
    where
        n1_0.team=?
Hibernate: 
    select
        t1_0.name,
        t1_0.away_record,
        t1_0.goals,
        t1_0.goals_per_game,
        t1_0.home_record,
        t1_0.points_per_game,
        t1_0.record 
    from
        team_data t1_0 
    where
        t1_0.name=?
Hibernate: 
    select
        n1_0.team,
        n1_0.id,
        n1_0.body,
        n1_0.date,
        n1_0.summary,
        n1_0.title 
    from
        news_data n1_0 
    where
        n1_0.team=?
Hibernate: 
    select
        t1_0.name,
        t1_0.away_record,
        t1_0.goals,
        t1_0.goals_per_game,
        t1_0.home_record,
        t1_0.points_per_game,
        t1_0.record 
    from
        team_data t1_0 
    where
        t1_0.name=?
Hibernate: 
    select
        n1_0.team,
        n1_0.id,
        n1_0.body,
        n1_0.date,
        n1_0.summary,
        n1_0.title 
    from
        news_data n1_0 
    where
        n1_0.team=?
Hibernate: 
    select
        t1_0.name,
        t1_0.away_record,
        t1_0.goals,
        t1_0.goals_per_game,
        t1_0.home_record,
        t1_0.points_per_game,
        t1_0.record 
    from
        team_data t1_0 
    where
        t1_0.name=?
Hibernate: 
    select
        n1_0.team,
        n1_0.id,
        n1_0.body,
        n1_0.date,
        n1_0.summary,
        n1_0.title 
    from
        news_data n1_0 
    where
        n1_0.team=?
Hibernate: 
    select
        t1_0.name,
        t1_0.away_record,
        t1_0.goals,
        t1_0.goals_per_game,
        t1_0.home_record,
        t1_0.points_per_game,
        t1_0.record 
    from
        team_data t1_0 
    where
        t1_0.name=?
Hibernate: 
    select
        n1_0.team,
        n1_0.id,
        n1_0.body,
        n1_0.date,
        n1_0.summary,
        n1_0.title 
    from
        news_data n1_0 
    where
        n1_0.team=?
Hibernate: 
    select
        t1_0.name,
        t1_0.away_record,
        t1_0.goals,
        t1_0.goals_per_game,
        t1_0.home_record,
        t1_0.points_per_game,
        t1_0.record 
    from
        team_data t1_0 
    where
        t1_0.name=?
Hibernate: 
    select
        n1_0.team,
        n1_0.id,
        n1_0.body,
        n1_0.date,
        n1_0.summary,
        n1_0.title 
    from
        news_data n1_0 
    where
        n1_0.team=?
Hibernate: 
    select
        t1_0.name,
        t1_0.away_record,
        t1_0.goals,
        t1_0.goals_per_game,
        t1_0.home_record,
        t1_0.points_per_game,
        t1_0.record 
    from
        team_data t1_0 
    where
        t1_0.name=?
Hibernate: 
    select
        n1_0.team,
        n1_0.id,
        n1_0.body,
        n1_0.date,
        n1_0.summary,
        n1_0.title 
    from
        news_data n1_0 
    where
        n1_0.team=?
Hibernate: 
    select
        t1_0.name,
        t1_0.away_record,
        t1_0.goals,
        t1_0.goals_per_game,
        t1_0.home_record,
        t1_0.points_per_game,
        t1_0.record 
    from
        team_data t1_0 
    where
        t1_0.name=?
Hibernate: 
    select
        n1_0.team,
        n1_0.id,
        n1_0.body,
        n1_0.date,
        n1_0.summary,
        n1_0.title 
    from
        news_data n1_0 
    where
        n1_0.team=?
Hibernate: 
    select
        t1_0.name,
        t1_0.away_record,
        t1_0.goals,
        t1_0.goals_per_game,
        t1_0.home_record,
        t1_0.points_per_game,
        t1_0.record 
    from
        team_data t1_0 
    where
        t1_0.name=?
Hibernate: 
    select
        n1_0.team,
        n1_0.id,
        n1_0.body,
        n1_0.date,
        n1_0.summary,
        n1_0.title 
    from
        news_data n1_0 
    where
        n1_0.team=?
Hibernate: 
    select
        t1_0.name,
        t1_0.away_record,
        t1_0.goals,
        t1_0.goals_per_game,
        t1_0.home_record,
        t1_0.points_per_game,
        t1_0.record 
    from
        team_data t1_0 
    where
        t1_0.name=?
Hibernate: 
    select
        n1_0.team,
        n1_0.id,
        n1_0.body,
        n1_0.date,
        n1_0.summary,
        n1_0.title 
    from
        news_data n1_0 
    where
        n1_0.team=?
Hibernate: 
    select
        t1_0.name,
        t1_0.away_record,
        t1_0.goals,
        t1_0.goals_per_game,
        t1_0.home_record,
        t1_0.points_per_game,
        t1_0.record 
    from
        team_data t1_0 
    where
        t1_0.name=?
Hibernate: 
    select
        n1_0.team,
        n1_0.id,
        n1_0.body,
        n1_0.date,
        n1_0.summary,
        n1_0.title 
    from
        news_data n1_0 
    where
        n1_0.team=?
Hibernate: 
    select
        t1_0.name,
        t1_0.away_record,
        t1_0.goals,
        t1_0.goals_per_game,
        t1_0.home_record,
        t1_0.points_per_game,
        t1_0.record 
    from
        team_data t1_0 
    where
        t1_0.name=?
Hibernate: 
    select
        n1_0.team,
        n1_0.id,
        n1_0.body,
        n1_0.date,
        n1_0.summary,
        n1_0.title 
    from
        news_data n1_0 
    where
        n1_0.team=?
Hibernate: 
    select
        t1_0.name,
        t1_0.away_record,
        t1_0.goals,
        t1_0.goals_per_game,
        t1_0.home_record,
        t1_0.points_per_game,
        t1_0.record 
    from
        team_data t1_0 
    where
        t1_0.name=?
Hibernate: 
    select
        n1_0.team,
        n1_0.id,
        n1_0.body,
        n1_0.date,
        n1_0.summary,
        n1_0.title 
    from
        news_data n1_0 
    where
        n1_0.team=?
Hibernate: 
    select
        t1_0.name,
        t1_0.away_record,
        t1_0.goals,
        t1_0.goals_per_game,
        t1_0.home_record,
        t1_0.points_per_game,
        t1_0.record 
    from
        team_data t1_0 
    where
        t1_0.name=?
Hibernate: 
    select
        n1_0.team,
        n1_0.id,
        n1_0.body,
        n1_0.date,
        n1_0.summary,
        n1_0.title 
    from
        news_data n1_0 
    where
        n1_0.team=?
Hibernate: 
    select
        t1_0.name,
        t1_0.away_record,
        t1_0.goals,
        t1_0.goals_per_game,
        t1_0.home_record,
        t1_0.points_per_game,
        t1_0.record 
    from
        team_data t1_0 
    where
        t1_0.name=?
Hibernate: 
    select
        n1_0.team,
        n1_0.id,
        n1_0.body,
        n1_0.date,
        n1_0.summary,
        n1_0.title 
    from
        news_data n1_0 
    where
        n1_0.team=?
Hibernate: 
    select
        t1_0.name,
        t1_0.away_record,
        t1_0.goals,
        t1_0.goals_per_game,
        t1_0.home_record,
        t1_0.points_per_game,
        t1_0.record 
    from
        team_data t1_0 
    where
        t1_0.name=?
Hibernate: 
    select
        n1_0.team,
        n1_0.id,
        n1_0.body,
        n1_0.date,
        n1_0.summary,
        n1_0.title 
    from
        news_data n1_0 
    where
        n1_0.team=?
Hibernate: 
    select
        t1_0.name,
        t1_0.away_record,
        t1_0.goals,
        t1_0.goals_per_game,
        t1_0.home_record,
        t1_0.points_per_game,
        t1_0.record 
    from
        team_data t1_0 
    where
        t1_0.name=?
Hibernate: 
    select
        n1_0.team,
        n1_0.id,
        n1_0.body,
        n1_0.date,
        n1_0.summary,
        n1_0.title 
    from
        news_data n1_0 
    where
        n1_0.team=?
Hibernate: 
    select
        t1_0.name,
        t1_0.away_record,
        t1_0.goals,
        t1_0.goals_per_game,
        t1_0.home_record,
        t1_0.points_per_game,
        t1_0.record 
    from
        team_data t1_0 
    where
        t1_0.name=?
Hibernate: 
    select
        n1_0.team,
        n1_0.id,
        n1_0.body,
        n1_0.date,
        n1_0.summary,
        n1_0.title 
    from
        news_data n1_0 
    where
        n1_0.team=?
Hibernate: 
    select
        t1_0.name,
        t1_0.away_record,
        t1_0.goals,
        t1_0.goals_per_game,
        t1_0.home_record,
        t1_0.points_per_game,
        t1_0.record 
    from
        team_data t1_0 
    where
        t1_0.name=?
Hibernate: 
    select
        n1_0.team,
        n1_0.id,
        n1_0.body,
        n1_0.date,
        n1_0.summary,
        n1_0.title 
    from
        news_data n1_0 
    where
        n1_0.team=?
Hibernate: 
    select
        t1_0.name,
        t1_0.away_record,
        t1_0.goals,
        t1_0.goals_per_game,
        t1_0.home_record,
        t1_0.points_per_game,
        t1_0.record 
    from
        team_data t1_0 
    where
        t1_0.name=?
Hibernate: 
    select
        n1_0.team,
        n1_0.id,
        n1_0.body,
        n1_0.date,
        n1_0.summary,
        n1_0.title 
    from
        news_data n1_0 
    where
        n1_0.team=?
Hibernate: 
    select
        t1_0.name,
        t1_0.away_record,
        t1_0.goals,
        t1_0.goals_per_game,
        t1_0.home_record,
        t1_0.points_per_game,
        t1_0.record 
    from
        team_data t1_0 
    where
        t1_0.name=?
Hibernate: 
    select
        n1_0.team,
        n1_0.id,
        n1_0.body,
        n1_0.date,
        n1_0.summary,
        n1_0.title 
    from
        news_data n1_0 
    where
        n1_0.team=?
Hibernate: 
    select
        t1_0.name,
        t1_0.away_record,
        t1_0.goals,
        t1_0.goals_per_game,
        t1_0.home_record,
        t1_0.points_per_game,
        t1_0.record 
    from
        team_data t1_0 
    where
        t1_0.name=?
Hibernate: 
    select
        n1_0.team,
        n1_0.id,
        n1_0.body,
        n1_0.date,
        n1_0.summary,
        n1_0.title 
    from
        news_data n1_0 
    where
        n1_0.team=?
Hibernate: 
    select
        t1_0.name,
        t1_0.away_record,
        t1_0.goals,
        t1_0.goals_per_game,
        t1_0.home_record,
        t1_0.points_per_game,
        t1_0.record 
    from
        team_data t1_0 
    where
        t1_0.name=?
Hibernate: 
    select
        n1_0.team,
        n1_0.id,
        n1_0.body,
        n1_0.date,
        n1_0.summary,
        n1_0.title 
    from
        news_data n1_0 
    where
        n1_0.team=?
Hibernate: 
    select
        t1_0.name,
        t1_0.away_record,
        t1_0.goals,
        t1_0.goals_per_game,
        t1_0.home_record,
        t1_0.points_per_game,
        t1_0.record 
    from
        team_data t1_0 
    where
        t1_0.name=?
Hibernate: 
    select
        n1_0.team,
        n1_0.id,
        n1_0.body,
        n1_0.date,
        n1_0.summary,
        n1_0.title 
    from
        news_data n1_0 
    where
        n1_0.team=?
Hibernate: 
    select
        t1_0.name,
        t1_0.away_record,
        t1_0.goals,
        t1_0.goals_per_game,
        t1_0.home_record,
        t1_0.points_per_game,
        t1_0.record 
    from
        team_data t1_0 
    where
        t1_0.name=?
Hibernate: 
    select
        n1_0.team,
        n1_0.id,
        n1_0.body,
        n1_0.date,
        n1_0.summary,
        n1_0.title 
    from
        news_data n1_0 
    where
        n1_0.team=?
Hibernate: 
    select
        t1_0.name,
        t1_0.away_record,
        t1_0.goals,
        t1_0.goals_per_game,
        t1_0.home_record,
        t1_0.points_per_game,
        t1_0.record 
    from
        team_data t1_0 
    where
        t1_0.name=?
Hibernate: 
    select
        n1_0.team,
        n1_0.id,
        n1_0.body,
        n1_0.date,
        n1_0.summary,
        n1_0.title 
    from
        news_data n1_0 
    where
        n1_0.team=?
Hibernate: 
    select
        t1_0.name,
        t1_0.away_record,
        t1_0.goals,
        t1_0.goals_per_game,
        t1_0.home_record,
        t1_0.points_per_game,
        t1_0.record 
    from
        team_data t1_0 
    where
        t1_0.name=?
Hibernate: 
    select
        n1_0.team,
        n1_0.id,
        n1_0.body,
        n1_0.date,
        n1_0.summary,
        n1_0.title 
    from
        news_data n1_0 
    where
        n1_0.team=?
Hibernate: 
    select
        t1_0.name,
        t1_0.away_record,
        t1_0.goals,
        t1_0.goals_per_game,
        t1_0.home_record,
        t1_0.points_per_game,
        t1_0.record 
    from
        team_data t1_0 
    where
        t1_0.name=?
Hibernate: 
    select
        n1_0.team,
        n1_0.id,
        n1_0.body,
        n1_0.date,
        n1_0.summary,
        n1_0.title 
    from
        news_data n1_0 
    where
        n1_0.team=?
2024-09-11T03:18:16.948-04:00  INFO 7539 --- [           main] com.ifooty.IFootyApplicationTests        : Started IFootyApplicationTests in 2.936 seconds (process running for 3.49)
]]></system-out>
    <system-err><![CDATA[WARNING: A Java agent has been loaded dynamically (/Users/muhammadhuzaifah/.m2/repository/net/bytebuddy/byte-buddy-agent/1.14.19/byte-buddy-agent-1.14.19.jar)
WARNING: If a serviceability tool is in use, please run with -XX:+EnableDynamicAgentLoading to hide this warning
WARNING: If a serviceability tool is not in use, please run with -Djdk.instrument.traceUsage for more information
WARNING: Dynamic loading of agents will be disallowed by default in a future release
]]></system-err>
  </testcase>
</testsuite>